[0.182s] Invoking command in '/home/knakamura/AR_ws/build/coord_trans_msg': CMAKE_PREFIX_PATH=${CMAKE_PREFIX_PATH}:/home/knakamura/AR_ws/install/AR_detection:/home/knakamura/ros2_ws/install/shigure_core:/home/knakamura/ros2_ws/install/rs_ros2_python:/home/knakamura/ros2_ws/install/ros2_test_communicate:/home/knakamura/ros2_ws/install/record_camera:/home/knakamura/ros2_ws/install/openpose_ros2:/home/knakamura/ros2_ws/install/boxmot_tracking:/opt/ros/foxy /usr/bin/cmake --build /home/knakamura/AR_ws/build/coord_trans_msg -- -j16 -l16
[0.216s] [  3%] Built target coord_trans_msg__cpp
[0.217s] [ 12%] Built target coord_trans_msg__rosidl_generator_c
[0.232s] [ 51%] Built target coord_trans_msg__rosidl_typesupport_introspection_cpp
[0.232s] [ 51%] Built target coord_trans_msg__rosidl_typesupport_introspection_c
[0.232s] [ 51%] Built target coord_trans_msg__rosidl_typesupport_cpp
[0.232s] [ 51%] Built target coord_trans_msg__rosidl_typesupport_c
[0.234s] [ 61%] Built target coord_trans_msg__rosidl_typesupport_fastrtps_cpp
[0.251s] [ 70%] Built target coord_trans_msg__rosidl_typesupport_fastrtps_c
[0.265s] [ 70%] Built target coord_trans_msg
[0.278s] [ 74%] Built target coord_trans_msg__py
[0.295s] [ 80%] Built target coord_trans_msg__python
[0.313s] [100%] Built target coord_trans_msg__rosidl_typesupport_c__pyext
[0.313s] [100%] Built target coord_trans_msg__rosidl_typesupport_introspection_c__pyext
[0.313s] [100%] Built target coord_trans_msg__rosidl_typesupport_fastrtps_c__pyext
[0.320s] Invoked command in '/home/knakamura/AR_ws/build/coord_trans_msg' returned '0': CMAKE_PREFIX_PATH=${CMAKE_PREFIX_PATH}:/home/knakamura/AR_ws/install/AR_detection:/home/knakamura/ros2_ws/install/shigure_core:/home/knakamura/ros2_ws/install/rs_ros2_python:/home/knakamura/ros2_ws/install/ros2_test_communicate:/home/knakamura/ros2_ws/install/record_camera:/home/knakamura/ros2_ws/install/openpose_ros2:/home/knakamura/ros2_ws/install/boxmot_tracking:/opt/ros/foxy /usr/bin/cmake --build /home/knakamura/AR_ws/build/coord_trans_msg -- -j16 -l16
[0.362s] Invoking command in '/home/knakamura/AR_ws/build/coord_trans_msg': CMAKE_PREFIX_PATH=${CMAKE_PREFIX_PATH}:/home/knakamura/AR_ws/install/AR_detection:/home/knakamura/ros2_ws/install/shigure_core:/home/knakamura/ros2_ws/install/rs_ros2_python:/home/knakamura/ros2_ws/install/ros2_test_communicate:/home/knakamura/ros2_ws/install/record_camera:/home/knakamura/ros2_ws/install/openpose_ros2:/home/knakamura/ros2_ws/install/boxmot_tracking:/opt/ros/foxy /usr/bin/cmake --install /home/knakamura/AR_ws/build/coord_trans_msg
[0.368s] -- Install configuration: ""
[0.368s] -- Up-to-date: /home/knakamura/AR_ws/install/coord_trans_msg/share/ament_index/resource_index/rosidl_interfaces/coord_trans_msg
[0.368s] -- Up-to-date: /home/knakamura/AR_ws/install/coord_trans_msg/include/coord_trans_msg
[0.368s] -- Up-to-date: /home/knakamura/AR_ws/install/coord_trans_msg/include/coord_trans_msg/msg
[0.368s] -- Up-to-date: /home/knakamura/AR_ws/install/coord_trans_msg/include/coord_trans_msg/msg/coordtrans.h
[0.368s] -- Up-to-date: /home/knakamura/AR_ws/install/coord_trans_msg/include/coord_trans_msg/msg/detail
[0.368s] -- Up-to-date: /home/knakamura/AR_ws/install/coord_trans_msg/include/coord_trans_msg/msg/detail/coordtrans__struct.h
[0.368s] -- Up-to-date: /home/knakamura/AR_ws/install/coord_trans_msg/include/coord_trans_msg/msg/detail/coordtrans__functions.h
[0.368s] -- Up-to-date: /home/knakamura/AR_ws/install/coord_trans_msg/include/coord_trans_msg/msg/detail/coordtrans__type_support.h
[0.368s] -- Up-to-date: /home/knakamura/AR_ws/install/coord_trans_msg/include/coord_trans_msg/msg/detail/coordtrans__functions.c
[0.368s] -- Up-to-date: /home/knakamura/AR_ws/install/coord_trans_msg/include/coord_trans_msg/msg/rosidl_generator_c__visibility_control.h
[0.368s] -- Up-to-date: /home/knakamura/AR_ws/install/coord_trans_msg/share/coord_trans_msg/environment/library_path.sh
[0.368s] -- Up-to-date: /home/knakamura/AR_ws/install/coord_trans_msg/share/coord_trans_msg/environment/library_path.dsv
[0.368s] -- Up-to-date: /home/knakamura/AR_ws/install/coord_trans_msg/lib/libcoord_trans_msg__rosidl_generator_c.so
[0.369s] -- Up-to-date: /home/knakamura/AR_ws/install/coord_trans_msg/include/coord_trans_msg
[0.369s] -- Up-to-date: /home/knakamura/AR_ws/install/coord_trans_msg/include/coord_trans_msg/msg
[0.369s] -- Up-to-date: /home/knakamura/AR_ws/install/coord_trans_msg/include/coord_trans_msg/msg/detail
[0.369s] -- Up-to-date: /home/knakamura/AR_ws/install/coord_trans_msg/include/coord_trans_msg/msg/detail/coordtrans__rosidl_typesupport_fastrtps_c.h
[0.369s] -- Up-to-date: /home/knakamura/AR_ws/install/coord_trans_msg/include/coord_trans_msg/msg/rosidl_typesupport_fastrtps_c__visibility_control.h
[0.369s] -- Up-to-date: /home/knakamura/AR_ws/install/coord_trans_msg/lib/libcoord_trans_msg__rosidl_typesupport_fastrtps_c.so
[0.369s] -- Up-to-date: /home/knakamura/AR_ws/install/coord_trans_msg/include/coord_trans_msg
[0.369s] -- Up-to-date: /home/knakamura/AR_ws/install/coord_trans_msg/include/coord_trans_msg/msg
[0.369s] -- Up-to-date: /home/knakamura/AR_ws/install/coord_trans_msg/include/coord_trans_msg/msg/detail
[0.369s] -- Up-to-date: /home/knakamura/AR_ws/install/coord_trans_msg/include/coord_trans_msg/msg/detail/dds_fastrtps
[0.369s] -- Up-to-date: /home/knakamura/AR_ws/install/coord_trans_msg/include/coord_trans_msg/msg/detail/coordtrans__rosidl_typesupport_fastrtps_cpp.hpp
[0.369s] -- Up-to-date: /home/knakamura/AR_ws/install/coord_trans_msg/include/coord_trans_msg/msg/rosidl_typesupport_fastrtps_cpp__visibility_control.h
[0.369s] -- Up-to-date: /home/knakamura/AR_ws/install/coord_trans_msg/lib/libcoord_trans_msg__rosidl_typesupport_fastrtps_cpp.so
[0.369s] -- Up-to-date: /home/knakamura/AR_ws/install/coord_trans_msg/include/coord_trans_msg
[0.369s] -- Up-to-date: /home/knakamura/AR_ws/install/coord_trans_msg/include/coord_trans_msg/msg
[0.369s] -- Up-to-date: /home/knakamura/AR_ws/install/coord_trans_msg/include/coord_trans_msg/msg/rosidl_typesupport_introspection_c__visibility_control.h
[0.369s] -- Up-to-date: /home/knakamura/AR_ws/install/coord_trans_msg/include/coord_trans_msg/msg/detail
[0.370s] -- Up-to-date: /home/knakamura/AR_ws/install/coord_trans_msg/include/coord_trans_msg/msg/detail/coordtrans__type_support.c
[0.370s] -- Up-to-date: /home/knakamura/AR_ws/install/coord_trans_msg/include/coord_trans_msg/msg/detail/coordtrans__rosidl_typesupport_introspection_c.h
[0.370s] -- Up-to-date: /home/knakamura/AR_ws/install/coord_trans_msg/lib/libcoord_trans_msg__rosidl_typesupport_introspection_c.so
[0.370s] -- Up-to-date: /home/knakamura/AR_ws/install/coord_trans_msg/lib/libcoord_trans_msg__rosidl_typesupport_c.so
[0.370s] -- Up-to-date: /home/knakamura/AR_ws/install/coord_trans_msg/include/coord_trans_msg
[0.370s] -- Up-to-date: /home/knakamura/AR_ws/install/coord_trans_msg/include/coord_trans_msg/msg
[0.370s] -- Up-to-date: /home/knakamura/AR_ws/install/coord_trans_msg/include/coord_trans_msg/msg/rosidl_generator_cpp__visibility_control.hpp
[0.370s] -- Up-to-date: /home/knakamura/AR_ws/install/coord_trans_msg/include/coord_trans_msg/msg/detail
[0.370s] -- Up-to-date: /home/knakamura/AR_ws/install/coord_trans_msg/include/coord_trans_msg/msg/detail/coordtrans__struct.hpp
[0.370s] -- Up-to-date: /home/knakamura/AR_ws/install/coord_trans_msg/include/coord_trans_msg/msg/detail/coordtrans__type_support.hpp
[0.370s] -- Up-to-date: /home/knakamura/AR_ws/install/coord_trans_msg/include/coord_trans_msg/msg/detail/coordtrans__builder.hpp
[0.370s] -- Up-to-date: /home/knakamura/AR_ws/install/coord_trans_msg/include/coord_trans_msg/msg/detail/coordtrans__traits.hpp
[0.370s] -- Up-to-date: /home/knakamura/AR_ws/install/coord_trans_msg/include/coord_trans_msg/msg/coordtrans.hpp
[0.370s] -- Up-to-date: /home/knakamura/AR_ws/install/coord_trans_msg/include/coord_trans_msg
[0.370s] -- Up-to-date: /home/knakamura/AR_ws/install/coord_trans_msg/include/coord_trans_msg/msg
[0.370s] -- Up-to-date: /home/knakamura/AR_ws/install/coord_trans_msg/include/coord_trans_msg/msg/detail
[0.370s] -- Up-to-date: /home/knakamura/AR_ws/install/coord_trans_msg/include/coord_trans_msg/msg/detail/coordtrans__type_support.cpp
[0.370s] -- Up-to-date: /home/knakamura/AR_ws/install/coord_trans_msg/include/coord_trans_msg/msg/detail/coordtrans__rosidl_typesupport_introspection_cpp.hpp
[0.371s] -- Up-to-date: /home/knakamura/AR_ws/install/coord_trans_msg/lib/libcoord_trans_msg__rosidl_typesupport_introspection_cpp.so
[0.371s] -- Up-to-date: /home/knakamura/AR_ws/install/coord_trans_msg/lib/libcoord_trans_msg__rosidl_typesupport_cpp.so
[0.371s] -- Up-to-date: /home/knakamura/AR_ws/install/coord_trans_msg/share/coord_trans_msg/environment/pythonpath.sh
[0.371s] -- Up-to-date: /home/knakamura/AR_ws/install/coord_trans_msg/share/coord_trans_msg/environment/pythonpath.dsv
[0.371s] -- Up-to-date: /home/knakamura/AR_ws/install/coord_trans_msg/lib/python3.8/site-packages/coord_trans_msg/__init__.py
[0.398s] -- Up-to-date: /home/knakamura/AR_ws/install/coord_trans_msg/lib/python3.8/site-packages/coord_trans_msg/msg
[0.399s] -- Up-to-date: /home/knakamura/AR_ws/install/coord_trans_msg/lib/python3.8/site-packages/coord_trans_msg/msg/__init__.py
[0.399s] -- Up-to-date: /home/knakamura/AR_ws/install/coord_trans_msg/lib/python3.8/site-packages/coord_trans_msg/msg/_coordtrans_s.c
[0.399s] -- Up-to-date: /home/knakamura/AR_ws/install/coord_trans_msg/lib/python3.8/site-packages/coord_trans_msg/msg/_coordtrans.py
[0.399s] -- Up-to-date: /home/knakamura/AR_ws/install/coord_trans_msg/lib/python3.8/site-packages/coord_trans_msg/coord_trans_msg_s__rosidl_typesupport_fastrtps_c.cpython-38-x86_64-linux-gnu.so
[0.399s] -- Up-to-date: /home/knakamura/AR_ws/install/coord_trans_msg/lib/python3.8/site-packages/coord_trans_msg/coord_trans_msg_s__rosidl_typesupport_introspection_c.cpython-38-x86_64-linux-gnu.so
[0.400s] -- Up-to-date: /home/knakamura/AR_ws/install/coord_trans_msg/lib/python3.8/site-packages/coord_trans_msg/coord_trans_msg_s__rosidl_typesupport_c.cpython-38-x86_64-linux-gnu.so
[0.400s] -- Up-to-date: /home/knakamura/AR_ws/install/coord_trans_msg/lib/libcoord_trans_msg__python.so
[0.400s] -- Up-to-date: /home/knakamura/AR_ws/install/coord_trans_msg/share/coord_trans_msg/msg/Coordtrans.idl
[0.400s] -- Up-to-date: /home/knakamura/AR_ws/install/coord_trans_msg/share/coord_trans_msg/msg/Coordtrans.msg
[0.400s] -- Up-to-date: /home/knakamura/AR_ws/install/coord_trans_msg/share/ament_index/resource_index/package_run_dependencies/coord_trans_msg
[0.400s] -- Up-to-date: /home/knakamura/AR_ws/install/coord_trans_msg/share/ament_index/resource_index/parent_prefix_path/coord_trans_msg
[0.401s] -- Up-to-date: /home/knakamura/AR_ws/install/coord_trans_msg/share/coord_trans_msg/environment/ament_prefix_path.sh
[0.401s] -- Up-to-date: /home/knakamura/AR_ws/install/coord_trans_msg/share/coord_trans_msg/environment/ament_prefix_path.dsv
[0.401s] -- Up-to-date: /home/knakamura/AR_ws/install/coord_trans_msg/share/coord_trans_msg/environment/path.sh
[0.401s] -- Up-to-date: /home/knakamura/AR_ws/install/coord_trans_msg/share/coord_trans_msg/environment/path.dsv
[0.401s] -- Up-to-date: /home/knakamura/AR_ws/install/coord_trans_msg/share/coord_trans_msg/local_setup.bash
[0.401s] -- Up-to-date: /home/knakamura/AR_ws/install/coord_trans_msg/share/coord_trans_msg/local_setup.sh
[0.401s] -- Up-to-date: /home/knakamura/AR_ws/install/coord_trans_msg/share/coord_trans_msg/local_setup.zsh
[0.401s] -- Up-to-date: /home/knakamura/AR_ws/install/coord_trans_msg/share/coord_trans_msg/local_setup.dsv
[0.401s] -- Installing: /home/knakamura/AR_ws/install/coord_trans_msg/share/coord_trans_msg/package.dsv
[0.401s] -- Up-to-date: /home/knakamura/AR_ws/install/coord_trans_msg/share/ament_index/resource_index/packages/coord_trans_msg
[0.402s] -- Up-to-date: /home/knakamura/AR_ws/install/coord_trans_msg/share/coord_trans_msg/cmake/coord_trans_msg__rosidl_generator_cExport.cmake
[0.402s] -- Up-to-date: /home/knakamura/AR_ws/install/coord_trans_msg/share/coord_trans_msg/cmake/coord_trans_msg__rosidl_generator_cExport-noconfig.cmake
[0.402s] -- Up-to-date: /home/knakamura/AR_ws/install/coord_trans_msg/share/coord_trans_msg/cmake/coord_trans_msg__rosidl_typesupport_introspection_cExport.cmake
[0.402s] -- Up-to-date: /home/knakamura/AR_ws/install/coord_trans_msg/share/coord_trans_msg/cmake/coord_trans_msg__rosidl_typesupport_introspection_cExport-noconfig.cmake
[0.402s] -- Up-to-date: /home/knakamura/AR_ws/install/coord_trans_msg/share/coord_trans_msg/cmake/coord_trans_msg__rosidl_typesupport_cExport.cmake
[0.402s] -- Up-to-date: /home/knakamura/AR_ws/install/coord_trans_msg/share/coord_trans_msg/cmake/coord_trans_msg__rosidl_typesupport_cExport-noconfig.cmake
[0.402s] -- Up-to-date: /home/knakamura/AR_ws/install/coord_trans_msg/share/coord_trans_msg/cmake/coord_trans_msg__rosidl_generator_cppExport.cmake
[0.402s] -- Up-to-date: /home/knakamura/AR_ws/install/coord_trans_msg/share/coord_trans_msg/cmake/coord_trans_msg__rosidl_typesupport_introspection_cppExport.cmake
[0.402s] -- Up-to-date: /home/knakamura/AR_ws/install/coord_trans_msg/share/coord_trans_msg/cmake/coord_trans_msg__rosidl_typesupport_introspection_cppExport-noconfig.cmake
[0.402s] -- Up-to-date: /home/knakamura/AR_ws/install/coord_trans_msg/share/coord_trans_msg/cmake/coord_trans_msg__rosidl_typesupport_cppExport.cmake
[0.403s] -- Up-to-date: /home/knakamura/AR_ws/install/coord_trans_msg/share/coord_trans_msg/cmake/coord_trans_msg__rosidl_typesupport_cppExport-noconfig.cmake
[0.403s] -- Up-to-date: /home/knakamura/AR_ws/install/coord_trans_msg/share/coord_trans_msg/cmake/rosidl_cmake-extras.cmake
[0.403s] -- Up-to-date: /home/knakamura/AR_ws/install/coord_trans_msg/share/coord_trans_msg/cmake/ament_cmake_export_dependencies-extras.cmake
[0.403s] -- Up-to-date: /home/knakamura/AR_ws/install/coord_trans_msg/share/coord_trans_msg/cmake/ament_cmake_export_libraries-extras.cmake
[0.403s] -- Up-to-date: /home/knakamura/AR_ws/install/coord_trans_msg/share/coord_trans_msg/cmake/ament_cmake_export_targets-extras.cmake
[0.403s] -- Up-to-date: /home/knakamura/AR_ws/install/coord_trans_msg/share/coord_trans_msg/cmake/ament_cmake_export_include_directories-extras.cmake
[0.403s] -- Up-to-date: /home/knakamura/AR_ws/install/coord_trans_msg/share/coord_trans_msg/cmake/rosidl_cmake_export_typesupport_libraries-extras.cmake
[0.403s] -- Up-to-date: /home/knakamura/AR_ws/install/coord_trans_msg/share/coord_trans_msg/cmake/rosidl_cmake_export_typesupport_targets-extras.cmake
[0.403s] -- Up-to-date: /home/knakamura/AR_ws/install/coord_trans_msg/share/coord_trans_msg/cmake/coord_trans_msgConfig.cmake
[0.404s] -- Up-to-date: /home/knakamura/AR_ws/install/coord_trans_msg/share/coord_trans_msg/cmake/coord_trans_msgConfig-version.cmake
[0.404s] -- Up-to-date: /home/knakamura/AR_ws/install/coord_trans_msg/share/coord_trans_msg/package.xml
[0.405s] Invoked command in '/home/knakamura/AR_ws/build/coord_trans_msg' returned '0': CMAKE_PREFIX_PATH=${CMAKE_PREFIX_PATH}:/home/knakamura/AR_ws/install/AR_detection:/home/knakamura/ros2_ws/install/shigure_core:/home/knakamura/ros2_ws/install/rs_ros2_python:/home/knakamura/ros2_ws/install/ros2_test_communicate:/home/knakamura/ros2_ws/install/record_camera:/home/knakamura/ros2_ws/install/openpose_ros2:/home/knakamura/ros2_ws/install/boxmot_tracking:/opt/ros/foxy /usr/bin/cmake --install /home/knakamura/AR_ws/build/coord_trans_msg
