[  3%] Built target coord_trans_msg__cpp
[ 12%] Built target coord_trans_msg__rosidl_generator_c
[ 51%] Built target coord_trans_msg__rosidl_typesupport_c
[ 51%] Built target coord_trans_msg__rosidl_typesupport_introspection_c
[ 51%] Built target coord_trans_msg__rosidl_typesupport_introspection_cpp
[ 51%] Built target coord_trans_msg__rosidl_typesupport_cpp
[ 61%] Built target coord_trans_msg__rosidl_typesupport_fastrtps_cpp
[ 70%] Built target coord_trans_msg__rosidl_typesupport_fastrtps_c
[ 70%] Built target coord_trans_msg
[ 74%] Built target coord_trans_msg__py
[ 80%] Built target coord_trans_msg__python
[100%] Built target coord_trans_msg__rosidl_typesupport_introspection_c__pyext
[100%] Built target coord_trans_msg__rosidl_typesupport_fastrtps_c__pyext
[100%] Built target coord_trans_msg__rosidl_typesupport_c__pyext
-- Install configuration: ""
-- Up-to-date: /home/knakamura/AR_ws/install/coord_trans_msg/share/ament_index/resource_index/rosidl_interfaces/coord_trans_msg
-- Up-to-date: /home/knakamura/AR_ws/install/coord_trans_msg/include/coord_trans_msg
-- Up-to-date: /home/knakamura/AR_ws/install/coord_trans_msg/include/coord_trans_msg/msg
-- Up-to-date: /home/knakamura/AR_ws/install/coord_trans_msg/include/coord_trans_msg/msg/coordtrans.h
-- Up-to-date: /home/knakamura/AR_ws/install/coord_trans_msg/include/coord_trans_msg/msg/detail
-- Up-to-date: /home/knakamura/AR_ws/install/coord_trans_msg/include/coord_trans_msg/msg/detail/coordtrans__struct.h
-- Up-to-date: /home/knakamura/AR_ws/install/coord_trans_msg/include/coord_trans_msg/msg/detail/coordtrans__functions.h
-- Up-to-date: /home/knakamura/AR_ws/install/coord_trans_msg/include/coord_trans_msg/msg/detail/coordtrans__type_support.h
-- Up-to-date: /home/knakamura/AR_ws/install/coord_trans_msg/include/coord_trans_msg/msg/detail/coordtrans__functions.c
-- Up-to-date: /home/knakamura/AR_ws/install/coord_trans_msg/include/coord_trans_msg/msg/rosidl_generator_c__visibility_control.h
-- Up-to-date: /home/knakamura/AR_ws/install/coord_trans_msg/share/coord_trans_msg/environment/library_path.sh
-- Up-to-date: /home/knakamura/AR_ws/install/coord_trans_msg/share/coord_trans_msg/environment/library_path.dsv
-- Up-to-date: /home/knakamura/AR_ws/install/coord_trans_msg/lib/libcoord_trans_msg__rosidl_generator_c.so
-- Up-to-date: /home/knakamura/AR_ws/install/coord_trans_msg/include/coord_trans_msg
-- Up-to-date: /home/knakamura/AR_ws/install/coord_trans_msg/include/coord_trans_msg/msg
-- Up-to-date: /home/knakamura/AR_ws/install/coord_trans_msg/include/coord_trans_msg/msg/detail
-- Up-to-date: /home/knakamura/AR_ws/install/coord_trans_msg/include/coord_trans_msg/msg/detail/coordtrans__rosidl_typesupport_fastrtps_c.h
-- Up-to-date: /home/knakamura/AR_ws/install/coord_trans_msg/include/coord_trans_msg/msg/rosidl_typesupport_fastrtps_c__visibility_control.h
-- Up-to-date: /home/knakamura/AR_ws/install/coord_trans_msg/lib/libcoord_trans_msg__rosidl_typesupport_fastrtps_c.so
-- Up-to-date: /home/knakamura/AR_ws/install/coord_trans_msg/include/coord_trans_msg
-- Up-to-date: /home/knakamura/AR_ws/install/coord_trans_msg/include/coord_trans_msg/msg
-- Up-to-date: /home/knakamura/AR_ws/install/coord_trans_msg/include/coord_trans_msg/msg/detail
-- Up-to-date: /home/knakamura/AR_ws/install/coord_trans_msg/include/coord_trans_msg/msg/detail/dds_fastrtps
-- Up-to-date: /home/knakamura/AR_ws/install/coord_trans_msg/include/coord_trans_msg/msg/detail/coordtrans__rosidl_typesupport_fastrtps_cpp.hpp
-- Up-to-date: /home/knakamura/AR_ws/install/coord_trans_msg/include/coord_trans_msg/msg/rosidl_typesupport_fastrtps_cpp__visibility_control.h
-- Up-to-date: /home/knakamura/AR_ws/install/coord_trans_msg/lib/libcoord_trans_msg__rosidl_typesupport_fastrtps_cpp.so
-- Up-to-date: /home/knakamura/AR_ws/install/coord_trans_msg/include/coord_trans_msg
-- Up-to-date: /home/knakamura/AR_ws/install/coord_trans_msg/include/coord_trans_msg/msg
-- Up-to-date: /home/knakamura/AR_ws/install/coord_trans_msg/include/coord_trans_msg/msg/rosidl_typesupport_introspection_c__visibility_control.h
-- Up-to-date: /home/knakamura/AR_ws/install/coord_trans_msg/include/coord_trans_msg/msg/detail
-- Up-to-date: /home/knakamura/AR_ws/install/coord_trans_msg/include/coord_trans_msg/msg/detail/coordtrans__type_support.c
-- Up-to-date: /home/knakamura/AR_ws/install/coord_trans_msg/include/coord_trans_msg/msg/detail/coordtrans__rosidl_typesupport_introspection_c.h
-- Up-to-date: /home/knakamura/AR_ws/install/coord_trans_msg/lib/libcoord_trans_msg__rosidl_typesupport_introspection_c.so
-- Up-to-date: /home/knakamura/AR_ws/install/coord_trans_msg/lib/libcoord_trans_msg__rosidl_typesupport_c.so
-- Up-to-date: /home/knakamura/AR_ws/install/coord_trans_msg/include/coord_trans_msg
-- Up-to-date: /home/knakamura/AR_ws/install/coord_trans_msg/include/coord_trans_msg/msg
-- Up-to-date: /home/knakamura/AR_ws/install/coord_trans_msg/include/coord_trans_msg/msg/rosidl_generator_cpp__visibility_control.hpp
-- Up-to-date: /home/knakamura/AR_ws/install/coord_trans_msg/include/coord_trans_msg/msg/detail
-- Up-to-date: /home/knakamura/AR_ws/install/coord_trans_msg/include/coord_trans_msg/msg/detail/coordtrans__struct.hpp
-- Up-to-date: /home/knakamura/AR_ws/install/coord_trans_msg/include/coord_trans_msg/msg/detail/coordtrans__type_support.hpp
-- Up-to-date: /home/knakamura/AR_ws/install/coord_trans_msg/include/coord_trans_msg/msg/detail/coordtrans__builder.hpp
-- Up-to-date: /home/knakamura/AR_ws/install/coord_trans_msg/include/coord_trans_msg/msg/detail/coordtrans__traits.hpp
-- Up-to-date: /home/knakamura/AR_ws/install/coord_trans_msg/include/coord_trans_msg/msg/coordtrans.hpp
-- Up-to-date: /home/knakamura/AR_ws/install/coord_trans_msg/include/coord_trans_msg
-- Up-to-date: /home/knakamura/AR_ws/install/coord_trans_msg/include/coord_trans_msg/msg
-- Up-to-date: /home/knakamura/AR_ws/install/coord_trans_msg/include/coord_trans_msg/msg/detail
-- Up-to-date: /home/knakamura/AR_ws/install/coord_trans_msg/include/coord_trans_msg/msg/detail/coordtrans__type_support.cpp
-- Up-to-date: /home/knakamura/AR_ws/install/coord_trans_msg/include/coord_trans_msg/msg/detail/coordtrans__rosidl_typesupport_introspection_cpp.hpp
-- Up-to-date: /home/knakamura/AR_ws/install/coord_trans_msg/lib/libcoord_trans_msg__rosidl_typesupport_introspection_cpp.so
-- Up-to-date: /home/knakamura/AR_ws/install/coord_trans_msg/lib/libcoord_trans_msg__rosidl_typesupport_cpp.so
-- Up-to-date: /home/knakamura/AR_ws/install/coord_trans_msg/share/coord_trans_msg/environment/pythonpath.sh
-- Up-to-date: /home/knakamura/AR_ws/install/coord_trans_msg/share/coord_trans_msg/environment/pythonpath.dsv
-- Up-to-date: /home/knakamura/AR_ws/install/coord_trans_msg/lib/python3.8/site-packages/coord_trans_msg/__init__.py
-- Up-to-date: /home/knakamura/AR_ws/install/coord_trans_msg/lib/python3.8/site-packages/coord_trans_msg/msg
-- Up-to-date: /home/knakamura/AR_ws/install/coord_trans_msg/lib/python3.8/site-packages/coord_trans_msg/msg/__init__.py
-- Up-to-date: /home/knakamura/AR_ws/install/coord_trans_msg/lib/python3.8/site-packages/coord_trans_msg/msg/_coordtrans_s.c
-- Up-to-date: /home/knakamura/AR_ws/install/coord_trans_msg/lib/python3.8/site-packages/coord_trans_msg/msg/_coordtrans.py
-- Up-to-date: /home/knakamura/AR_ws/install/coord_trans_msg/lib/python3.8/site-packages/coord_trans_msg/coord_trans_msg_s__rosidl_typesupport_fastrtps_c.cpython-38-x86_64-linux-gnu.so
-- Up-to-date: /home/knakamura/AR_ws/install/coord_trans_msg/lib/python3.8/site-packages/coord_trans_msg/coord_trans_msg_s__rosidl_typesupport_introspection_c.cpython-38-x86_64-linux-gnu.so
-- Up-to-date: /home/knakamura/AR_ws/install/coord_trans_msg/lib/python3.8/site-packages/coord_trans_msg/coord_trans_msg_s__rosidl_typesupport_c.cpython-38-x86_64-linux-gnu.so
-- Up-to-date: /home/knakamura/AR_ws/install/coord_trans_msg/lib/libcoord_trans_msg__python.so
-- Up-to-date: /home/knakamura/AR_ws/install/coord_trans_msg/share/coord_trans_msg/msg/Coordtrans.idl
-- Up-to-date: /home/knakamura/AR_ws/install/coord_trans_msg/share/coord_trans_msg/msg/Coordtrans.msg
-- Up-to-date: /home/knakamura/AR_ws/install/coord_trans_msg/share/ament_index/resource_index/package_run_dependencies/coord_trans_msg
-- Up-to-date: /home/knakamura/AR_ws/install/coord_trans_msg/share/ament_index/resource_index/parent_prefix_path/coord_trans_msg
-- Up-to-date: /home/knakamura/AR_ws/install/coord_trans_msg/share/coord_trans_msg/environment/ament_prefix_path.sh
-- Up-to-date: /home/knakamura/AR_ws/install/coord_trans_msg/share/coord_trans_msg/environment/ament_prefix_path.dsv
-- Up-to-date: /home/knakamura/AR_ws/install/coord_trans_msg/share/coord_trans_msg/environment/path.sh
-- Up-to-date: /home/knakamura/AR_ws/install/coord_trans_msg/share/coord_trans_msg/environment/path.dsv
-- Up-to-date: /home/knakamura/AR_ws/install/coord_trans_msg/share/coord_trans_msg/local_setup.bash
-- Up-to-date: /home/knakamura/AR_ws/install/coord_trans_msg/share/coord_trans_msg/local_setup.sh
-- Up-to-date: /home/knakamura/AR_ws/install/coord_trans_msg/share/coord_trans_msg/local_setup.zsh
-- Up-to-date: /home/knakamura/AR_ws/install/coord_trans_msg/share/coord_trans_msg/local_setup.dsv
-- Installing: /home/knakamura/AR_ws/install/coord_trans_msg/share/coord_trans_msg/package.dsv
-- Up-to-date: /home/knakamura/AR_ws/install/coord_trans_msg/share/ament_index/resource_index/packages/coord_trans_msg
-- Up-to-date: /home/knakamura/AR_ws/install/coord_trans_msg/share/coord_trans_msg/cmake/coord_trans_msg__rosidl_generator_cExport.cmake
-- Up-to-date: /home/knakamura/AR_ws/install/coord_trans_msg/share/coord_trans_msg/cmake/coord_trans_msg__rosidl_generator_cExport-noconfig.cmake
-- Up-to-date: /home/knakamura/AR_ws/install/coord_trans_msg/share/coord_trans_msg/cmake/coord_trans_msg__rosidl_typesupport_introspection_cExport.cmake
-- Up-to-date: /home/knakamura/AR_ws/install/coord_trans_msg/share/coord_trans_msg/cmake/coord_trans_msg__rosidl_typesupport_introspection_cExport-noconfig.cmake
-- Up-to-date: /home/knakamura/AR_ws/install/coord_trans_msg/share/coord_trans_msg/cmake/coord_trans_msg__rosidl_typesupport_cExport.cmake
-- Up-to-date: /home/knakamura/AR_ws/install/coord_trans_msg/share/coord_trans_msg/cmake/coord_trans_msg__rosidl_typesupport_cExport-noconfig.cmake
-- Up-to-date: /home/knakamura/AR_ws/install/coord_trans_msg/share/coord_trans_msg/cmake/coord_trans_msg__rosidl_generator_cppExport.cmake
-- Up-to-date: /home/knakamura/AR_ws/install/coord_trans_msg/share/coord_trans_msg/cmake/coord_trans_msg__rosidl_typesupport_introspection_cppExport.cmake
-- Up-to-date: /home/knakamura/AR_ws/install/coord_trans_msg/share/coord_trans_msg/cmake/coord_trans_msg__rosidl_typesupport_introspection_cppExport-noconfig.cmake
-- Up-to-date: /home/knakamura/AR_ws/install/coord_trans_msg/share/coord_trans_msg/cmake/coord_trans_msg__rosidl_typesupport_cppExport.cmake
-- Up-to-date: /home/knakamura/AR_ws/install/coord_trans_msg/share/coord_trans_msg/cmake/coord_trans_msg__rosidl_typesupport_cppExport-noconfig.cmake
-- Up-to-date: /home/knakamura/AR_ws/install/coord_trans_msg/share/coord_trans_msg/cmake/rosidl_cmake-extras.cmake
-- Up-to-date: /home/knakamura/AR_ws/install/coord_trans_msg/share/coord_trans_msg/cmake/ament_cmake_export_dependencies-extras.cmake
-- Up-to-date: /home/knakamura/AR_ws/install/coord_trans_msg/share/coord_trans_msg/cmake/ament_cmake_export_libraries-extras.cmake
-- Up-to-date: /home/knakamura/AR_ws/install/coord_trans_msg/share/coord_trans_msg/cmake/ament_cmake_export_targets-extras.cmake
-- Up-to-date: /home/knakamura/AR_ws/install/coord_trans_msg/share/coord_trans_msg/cmake/ament_cmake_export_include_directories-extras.cmake
-- Up-to-date: /home/knakamura/AR_ws/install/coord_trans_msg/share/coord_trans_msg/cmake/rosidl_cmake_export_typesupport_libraries-extras.cmake
-- Up-to-date: /home/knakamura/AR_ws/install/coord_trans_msg/share/coord_trans_msg/cmake/rosidl_cmake_export_typesupport_targets-extras.cmake
-- Up-to-date: /home/knakamura/AR_ws/install/coord_trans_msg/share/coord_trans_msg/cmake/coord_trans_msgConfig.cmake
-- Up-to-date: /home/knakamura/AR_ws/install/coord_trans_msg/share/coord_trans_msg/cmake/coord_trans_msgConfig-version.cmake
-- Up-to-date: /home/knakamura/AR_ws/install/coord_trans_msg/share/coord_trans_msg/package.xml
