[0.202s] DEBUG:colcon:Command line arguments: ['/usr/bin/colcon', 'build']
[0.202s] DEBUG:colcon:Parsed command line arguments: Namespace(allow_overriding=[], ament_cmake_args=None, base_paths=['.'], build_base='build', catkin_cmake_args=None, catkin_skip_building_tests=False, cmake_args=None, cmake_clean_cache=False, cmake_clean_first=False, cmake_force_configure=False, cmake_target=None, cmake_target_skip_unavailable=False, continue_on_error=False, event_handlers=None, executor='parallel', ignore_user_meta=False, install_base='install', log_base=None, log_level=None, main=<bound method BuildVerb.main of <colcon_core.verb.build.BuildVerb object at 0x7f1d92d6ff70>>, merge_install=False, metas=['./colcon.meta'], mixin=None, mixin_files=None, mixin_verb=('build',), packages_above=None, packages_above_and_dependencies=None, packages_above_depth=None, packages_end=None, packages_ignore=None, packages_ignore_regex=None, packages_select=None, packages_select_build_failed=False, packages_select_by_dep=None, packages_select_regex=None, packages_select_test_failures=False, packages_skip=None, packages_skip_build_finished=False, packages_skip_by_dep=None, packages_skip_regex=None, packages_skip_test_passed=False, packages_skip_up_to=None, packages_start=None, packages_up_to=None, packages_up_to_regex=None, parallel_workers=16, paths=None, symlink_install=False, test_result_base=None, verb_extension=<colcon_core.verb.build.BuildVerb object at 0x7f1d92d6ff70>, verb_name='build', verb_parser=<colcon_mixin.mixin.mixin_argument.MixinArgumentDecorator object at 0x7f1d92c335e0>)
[0.237s] Level 1:colcon.colcon_core.package_discovery:discover_packages(colcon_meta) check parameters
[0.237s] Level 1:colcon.colcon_core.package_discovery:discover_packages(recursive) check parameters
[0.237s] Level 1:colcon.colcon_core.package_discovery:discover_packages(ignore) check parameters
[0.237s] Level 1:colcon.colcon_core.package_discovery:discover_packages(path) check parameters
[0.237s] Level 1:colcon.colcon_core.package_discovery:discover_packages(colcon_meta) discover
[0.237s] Level 1:colcon.colcon_core.package_discovery:discover_packages(recursive) discover
[0.238s] INFO:colcon.colcon_core.package_discovery:Crawling recursively for packages in '/home/knakamura/AR_ws'
[0.238s] Level 1:colcon.colcon_core.package_identification:_identify(.) by extensions ['ignore', 'ignore_ament_install']
[0.238s] Level 1:colcon.colcon_core.package_identification:_identify(.) by extension 'ignore'
[0.238s] Level 1:colcon.colcon_core.package_identification:_identify(.) by extension 'ignore_ament_install'
[0.238s] Level 1:colcon.colcon_core.package_identification:_identify(.) by extensions ['colcon_pkg']
[0.238s] Level 1:colcon.colcon_core.package_identification:_identify(.) by extension 'colcon_pkg'
[0.238s] Level 1:colcon.colcon_core.package_identification:_identify(.) by extensions ['colcon_meta']
[0.238s] Level 1:colcon.colcon_core.package_identification:_identify(.) by extension 'colcon_meta'
[0.238s] Level 1:colcon.colcon_core.package_identification:_identify(.) by extensions ['ros']
[0.238s] Level 1:colcon.colcon_core.package_identification:_identify(.) by extension 'ros'
[0.248s] Level 1:colcon.colcon_core.package_identification:_identify(.) by extensions ['cmake', 'python']
[0.248s] Level 1:colcon.colcon_core.package_identification:_identify(.) by extension 'cmake'
[0.249s] Level 1:colcon.colcon_core.package_identification:_identify(.) by extension 'python'
[0.249s] Level 1:colcon.colcon_core.package_identification:_identify(.) by extensions ['python_setup_py']
[0.249s] Level 1:colcon.colcon_core.package_identification:_identify(.) by extension 'python_setup_py'
[0.249s] Level 1:colcon.colcon_core.package_identification:_identify(build) by extensions ['ignore', 'ignore_ament_install']
[0.249s] Level 1:colcon.colcon_core.package_identification:_identify(build) by extension 'ignore'
[0.249s] Level 1:colcon.colcon_core.package_identification:_identify(build) ignored
[0.249s] Level 1:colcon.colcon_core.package_identification:_identify(install) by extensions ['ignore', 'ignore_ament_install']
[0.249s] Level 1:colcon.colcon_core.package_identification:_identify(install) by extension 'ignore'
[0.249s] Level 1:colcon.colcon_core.package_identification:_identify(install) ignored
[0.249s] Level 1:colcon.colcon_core.package_identification:_identify(log) by extensions ['ignore', 'ignore_ament_install']
[0.249s] Level 1:colcon.colcon_core.package_identification:_identify(log) by extension 'ignore'
[0.249s] Level 1:colcon.colcon_core.package_identification:_identify(log) ignored
[0.249s] Level 1:colcon.colcon_core.package_identification:_identify(src) by extensions ['ignore', 'ignore_ament_install']
[0.249s] Level 1:colcon.colcon_core.package_identification:_identify(src) by extension 'ignore'
[0.249s] Level 1:colcon.colcon_core.package_identification:_identify(src) by extension 'ignore_ament_install'
[0.249s] Level 1:colcon.colcon_core.package_identification:_identify(src) by extensions ['colcon_pkg']
[0.249s] Level 1:colcon.colcon_core.package_identification:_identify(src) by extension 'colcon_pkg'
[0.249s] Level 1:colcon.colcon_core.package_identification:_identify(src) by extensions ['colcon_meta']
[0.249s] Level 1:colcon.colcon_core.package_identification:_identify(src) by extension 'colcon_meta'
[0.249s] Level 1:colcon.colcon_core.package_identification:_identify(src) by extensions ['ros']
[0.249s] Level 1:colcon.colcon_core.package_identification:_identify(src) by extension 'ros'
[0.250s] Level 1:colcon.colcon_core.package_identification:_identify(src) by extensions ['cmake', 'python']
[0.250s] Level 1:colcon.colcon_core.package_identification:_identify(src) by extension 'cmake'
[0.250s] Level 1:colcon.colcon_core.package_identification:_identify(src) by extension 'python'
[0.250s] Level 1:colcon.colcon_core.package_identification:_identify(src) by extensions ['python_setup_py']
[0.250s] Level 1:colcon.colcon_core.package_identification:_identify(src) by extension 'python_setup_py'
[0.250s] Level 1:colcon.colcon_core.package_identification:_identify(src/AR_detection) by extensions ['ignore', 'ignore_ament_install']
[0.250s] Level 1:colcon.colcon_core.package_identification:_identify(src/AR_detection) by extension 'ignore'
[0.250s] Level 1:colcon.colcon_core.package_identification:_identify(src/AR_detection) by extension 'ignore_ament_install'
[0.250s] Level 1:colcon.colcon_core.package_identification:_identify(src/AR_detection) by extensions ['colcon_pkg']
[0.250s] Level 1:colcon.colcon_core.package_identification:_identify(src/AR_detection) by extension 'colcon_pkg'
[0.250s] Level 1:colcon.colcon_core.package_identification:_identify(src/AR_detection) by extensions ['colcon_meta']
[0.250s] Level 1:colcon.colcon_core.package_identification:_identify(src/AR_detection) by extension 'colcon_meta'
[0.250s] Level 1:colcon.colcon_core.package_identification:_identify(src/AR_detection) by extensions ['ros']
[0.250s] Level 1:colcon.colcon_core.package_identification:_identify(src/AR_detection) by extension 'ros'
[0.252s] DEBUG:colcon.colcon_core.package_identification:Package 'src/AR_detection' with type 'ros.ament_python' and name 'AR_detection'
[0.252s] Level 1:colcon.colcon_core.package_identification:_identify(src/coord_trans_msg) by extensions ['ignore', 'ignore_ament_install']
[0.252s] Level 1:colcon.colcon_core.package_identification:_identify(src/coord_trans_msg) by extension 'ignore'
[0.252s] Level 1:colcon.colcon_core.package_identification:_identify(src/coord_trans_msg) by extension 'ignore_ament_install'
[0.252s] Level 1:colcon.colcon_core.package_identification:_identify(src/coord_trans_msg) by extensions ['colcon_pkg']
[0.252s] Level 1:colcon.colcon_core.package_identification:_identify(src/coord_trans_msg) by extension 'colcon_pkg'
[0.252s] Level 1:colcon.colcon_core.package_identification:_identify(src/coord_trans_msg) by extensions ['colcon_meta']
[0.252s] Level 1:colcon.colcon_core.package_identification:_identify(src/coord_trans_msg) by extension 'colcon_meta'
[0.252s] Level 1:colcon.colcon_core.package_identification:_identify(src/coord_trans_msg) by extensions ['ros']
[0.252s] Level 1:colcon.colcon_core.package_identification:_identify(src/coord_trans_msg) by extension 'ros'
[0.252s] DEBUG:colcon.colcon_core.package_identification:Package 'src/coord_trans_msg' with type 'ros.ament_cmake' and name 'coord_trans_msg'
[0.252s] Level 1:colcon.colcon_core.package_discovery:discover_packages(recursive) using defaults
[0.252s] Level 1:colcon.colcon_core.package_discovery:discover_packages(ignore) discover
[0.253s] Level 1:colcon.colcon_core.package_discovery:discover_packages(ignore) using defaults
[0.253s] Level 1:colcon.colcon_core.package_discovery:discover_packages(path) discover
[0.253s] Level 1:colcon.colcon_core.package_discovery:discover_packages(path) using defaults
[0.267s] Level 1:colcon.colcon_core.package_discovery:discover_packages(prefix_path) check parameters
[0.267s] Level 1:colcon.colcon_core.package_discovery:discover_packages(prefix_path) discover
[0.268s] DEBUG:colcon.colcon_installed_package_information.package_discovery:Found 2 installed packages in /home/knakamura/AR_ws/install
[0.269s] DEBUG:colcon.colcon_installed_package_information.package_discovery:Found 10 installed packages in /home/knakamura/ros2_ws/install
[0.270s] DEBUG:colcon.colcon_installed_package_information.package_discovery:Found 256 installed packages in /opt/ros/foxy
[0.271s] Level 1:colcon.colcon_core.package_discovery:discover_packages(prefix_path) using defaults
[0.309s] Level 5:colcon.colcon_core.verb:set package 'AR_detection' build argument 'cmake_args' from command line to 'None'
[0.309s] Level 5:colcon.colcon_core.verb:set package 'AR_detection' build argument 'cmake_target' from command line to 'None'
[0.309s] Level 5:colcon.colcon_core.verb:set package 'AR_detection' build argument 'cmake_target_skip_unavailable' from command line to 'False'
[0.309s] Level 5:colcon.colcon_core.verb:set package 'AR_detection' build argument 'cmake_clean_cache' from command line to 'False'
[0.309s] Level 5:colcon.colcon_core.verb:set package 'AR_detection' build argument 'cmake_clean_first' from command line to 'False'
[0.309s] Level 5:colcon.colcon_core.verb:set package 'AR_detection' build argument 'cmake_force_configure' from command line to 'False'
[0.309s] Level 5:colcon.colcon_core.verb:set package 'AR_detection' build argument 'ament_cmake_args' from command line to 'None'
[0.309s] Level 5:colcon.colcon_core.verb:set package 'AR_detection' build argument 'catkin_cmake_args' from command line to 'None'
[0.309s] Level 5:colcon.colcon_core.verb:set package 'AR_detection' build argument 'catkin_skip_building_tests' from command line to 'False'
[0.309s] DEBUG:colcon.colcon_core.verb:Building package 'AR_detection' with the following arguments: {'ament_cmake_args': None, 'build_base': '/home/knakamura/AR_ws/build/AR_detection', 'catkin_cmake_args': None, 'catkin_skip_building_tests': False, 'cmake_args': None, 'cmake_clean_cache': False, 'cmake_clean_first': False, 'cmake_force_configure': False, 'cmake_target': None, 'cmake_target_skip_unavailable': False, 'install_base': '/home/knakamura/AR_ws/install/AR_detection', 'merge_install': False, 'path': '/home/knakamura/AR_ws/src/AR_detection', 'symlink_install': False, 'test_result_base': None}
[0.309s] Level 5:colcon.colcon_core.verb:set package 'coord_trans_msg' build argument 'cmake_args' from command line to 'None'
[0.309s] Level 5:colcon.colcon_core.verb:set package 'coord_trans_msg' build argument 'cmake_target' from command line to 'None'
[0.309s] Level 5:colcon.colcon_core.verb:set package 'coord_trans_msg' build argument 'cmake_target_skip_unavailable' from command line to 'False'
[0.309s] Level 5:colcon.colcon_core.verb:set package 'coord_trans_msg' build argument 'cmake_clean_cache' from command line to 'False'
[0.309s] Level 5:colcon.colcon_core.verb:set package 'coord_trans_msg' build argument 'cmake_clean_first' from command line to 'False'
[0.309s] Level 5:colcon.colcon_core.verb:set package 'coord_trans_msg' build argument 'cmake_force_configure' from command line to 'False'
[0.309s] Level 5:colcon.colcon_core.verb:set package 'coord_trans_msg' build argument 'ament_cmake_args' from command line to 'None'
[0.309s] Level 5:colcon.colcon_core.verb:set package 'coord_trans_msg' build argument 'catkin_cmake_args' from command line to 'None'
[0.309s] Level 5:colcon.colcon_core.verb:set package 'coord_trans_msg' build argument 'catkin_skip_building_tests' from command line to 'False'
[0.309s] DEBUG:colcon.colcon_core.verb:Building package 'coord_trans_msg' with the following arguments: {'ament_cmake_args': None, 'build_base': '/home/knakamura/AR_ws/build/coord_trans_msg', 'catkin_cmake_args': None, 'catkin_skip_building_tests': False, 'cmake_args': None, 'cmake_clean_cache': False, 'cmake_clean_first': False, 'cmake_force_configure': False, 'cmake_target': None, 'cmake_target_skip_unavailable': False, 'install_base': '/home/knakamura/AR_ws/install/coord_trans_msg', 'merge_install': False, 'path': '/home/knakamura/AR_ws/src/coord_trans_msg', 'symlink_install': False, 'test_result_base': None}
[0.309s] INFO:colcon.colcon_core.executor:Executing jobs using 'parallel' executor
[0.310s] DEBUG:colcon.colcon_parallel_executor.executor.parallel:run_until_complete
[0.310s] INFO:colcon.colcon_ros.task.ament_python.build:Building ROS package in '/home/knakamura/AR_ws/src/AR_detection' with build type 'ament_python'
[0.310s] Level 1:colcon.colcon_core.shell:create_environment_hook('AR_detection', 'ament_prefix_path')
[0.312s] INFO:colcon.colcon_core.plugin_system:Skipping extension 'colcon_core.shell.bat': Not used on non-Windows systems
[0.312s] INFO:colcon.colcon_core.shell:Creating environment hook '/home/knakamura/AR_ws/install/AR_detection/share/AR_detection/hook/ament_prefix_path.ps1'
[0.312s] INFO:colcon.colcon_core.shell:Creating environment descriptor '/home/knakamura/AR_ws/install/AR_detection/share/AR_detection/hook/ament_prefix_path.dsv'
[0.313s] INFO:colcon.colcon_core.shell:Creating environment hook '/home/knakamura/AR_ws/install/AR_detection/share/AR_detection/hook/ament_prefix_path.sh'
[0.313s] INFO:colcon.colcon_core.shell:Skip shell extension 'powershell' for command environment: Not usable outside of PowerShell
[0.313s] DEBUG:colcon.colcon_core.shell:Skip shell extension 'dsv' for command environment
[0.317s] INFO:colcon.colcon_ros.task.ament_cmake.build:Building ROS package in '/home/knakamura/AR_ws/src/coord_trans_msg' with build type 'ament_cmake'
[0.317s] INFO:colcon.colcon_cmake.task.cmake.build:Building CMake package in '/home/knakamura/AR_ws/src/coord_trans_msg'
[0.318s] INFO:colcon.colcon_core.shell:Skip shell extension 'powershell' for command environment: Not usable outside of PowerShell
[0.318s] DEBUG:colcon.colcon_core.shell:Skip shell extension 'dsv' for command environment
[0.489s] INFO:colcon.colcon_core.task.python.build:Building Python package in '/home/knakamura/AR_ws/src/AR_detection'
[0.490s] INFO:colcon.colcon_core.shell:Skip shell extension 'powershell' for command environment: Not usable outside of PowerShell
[0.490s] DEBUG:colcon.colcon_core.shell:Skip shell extension 'dsv' for command environment
[0.498s] DEBUG:colcon.colcon_core.event_handler.log_command:Invoking command in '/home/knakamura/AR_ws/build/coord_trans_msg': CMAKE_PREFIX_PATH=${CMAKE_PREFIX_PATH}:/home/knakamura/AR_ws/install/AR_detection:/home/knakamura/ros2_ws/install/shigure_core:/home/knakamura/ros2_ws/install/rs_ros2_python:/home/knakamura/ros2_ws/install/ros2_test_communicate:/home/knakamura/ros2_ws/install/record_camera:/home/knakamura/ros2_ws/install/openpose_ros2:/home/knakamura/ros2_ws/install/boxmot_tracking:/opt/ros/foxy /usr/bin/cmake --build /home/knakamura/AR_ws/build/coord_trans_msg -- -j16 -l16
[0.635s] DEBUG:colcon.colcon_core.event_handler.log_command:Invoked command in '/home/knakamura/AR_ws/build/coord_trans_msg' returned '0': CMAKE_PREFIX_PATH=${CMAKE_PREFIX_PATH}:/home/knakamura/AR_ws/install/AR_detection:/home/knakamura/ros2_ws/install/shigure_core:/home/knakamura/ros2_ws/install/rs_ros2_python:/home/knakamura/ros2_ws/install/ros2_test_communicate:/home/knakamura/ros2_ws/install/record_camera:/home/knakamura/ros2_ws/install/openpose_ros2:/home/knakamura/ros2_ws/install/boxmot_tracking:/opt/ros/foxy /usr/bin/cmake --build /home/knakamura/AR_ws/build/coord_trans_msg -- -j16 -l16
[0.674s] DEBUG:colcon.colcon_core.event_handler.log_command:Invoking command in '/home/knakamura/AR_ws/build/coord_trans_msg': CMAKE_PREFIX_PATH=${CMAKE_PREFIX_PATH}:/home/knakamura/AR_ws/install/AR_detection:/home/knakamura/ros2_ws/install/shigure_core:/home/knakamura/ros2_ws/install/rs_ros2_python:/home/knakamura/ros2_ws/install/ros2_test_communicate:/home/knakamura/ros2_ws/install/record_camera:/home/knakamura/ros2_ws/install/openpose_ros2:/home/knakamura/ros2_ws/install/boxmot_tracking:/opt/ros/foxy /usr/bin/cmake --install /home/knakamura/AR_ws/build/coord_trans_msg
[0.716s] Level 1:colcon.colcon_core.environment:create_environment_scripts_only(coord_trans_msg)
[0.716s] DEBUG:colcon.colcon_core.event_handler.log_command:Invoked command in '/home/knakamura/AR_ws/build/coord_trans_msg' returned '0': CMAKE_PREFIX_PATH=${CMAKE_PREFIX_PATH}:/home/knakamura/AR_ws/install/AR_detection:/home/knakamura/ros2_ws/install/shigure_core:/home/knakamura/ros2_ws/install/rs_ros2_python:/home/knakamura/ros2_ws/install/ros2_test_communicate:/home/knakamura/ros2_ws/install/record_camera:/home/knakamura/ros2_ws/install/openpose_ros2:/home/knakamura/ros2_ws/install/boxmot_tracking:/opt/ros/foxy /usr/bin/cmake --install /home/knakamura/AR_ws/build/coord_trans_msg
[0.718s] Level 1:colcon.colcon_core.environment:checking '/home/knakamura/AR_ws/install/coord_trans_msg' for CMake module files
[0.718s] Level 1:colcon.colcon_core.environment:checking '/home/knakamura/AR_ws/install/coord_trans_msg' for CMake config files
[0.718s] Level 1:colcon.colcon_core.shell:create_environment_hook('coord_trans_msg', 'cmake_prefix_path')
[0.719s] INFO:colcon.colcon_core.shell:Creating environment hook '/home/knakamura/AR_ws/install/coord_trans_msg/share/coord_trans_msg/hook/cmake_prefix_path.ps1'
[0.719s] INFO:colcon.colcon_core.shell:Creating environment descriptor '/home/knakamura/AR_ws/install/coord_trans_msg/share/coord_trans_msg/hook/cmake_prefix_path.dsv'
[0.719s] INFO:colcon.colcon_core.shell:Creating environment hook '/home/knakamura/AR_ws/install/coord_trans_msg/share/coord_trans_msg/hook/cmake_prefix_path.sh'
[0.720s] Level 1:colcon.colcon_core.environment:checking '/home/knakamura/AR_ws/install/coord_trans_msg/lib'
[0.720s] Level 1:colcon.colcon_core.shell:create_environment_hook('coord_trans_msg', 'ld_library_path_lib')
[0.720s] INFO:colcon.colcon_core.shell:Creating environment hook '/home/knakamura/AR_ws/install/coord_trans_msg/share/coord_trans_msg/hook/ld_library_path_lib.ps1'
[0.720s] INFO:colcon.colcon_core.shell:Creating environment descriptor '/home/knakamura/AR_ws/install/coord_trans_msg/share/coord_trans_msg/hook/ld_library_path_lib.dsv'
[0.720s] INFO:colcon.colcon_core.shell:Creating environment hook '/home/knakamura/AR_ws/install/coord_trans_msg/share/coord_trans_msg/hook/ld_library_path_lib.sh'
[0.721s] Level 1:colcon.colcon_core.environment:checking '/home/knakamura/AR_ws/install/coord_trans_msg/bin'
[0.721s] Level 1:colcon.colcon_core.environment:checking '/home/knakamura/AR_ws/install/coord_trans_msg/lib/pkgconfig/coord_trans_msg.pc'
[0.721s] Level 1:colcon.colcon_core.environment:checking '/home/knakamura/AR_ws/install/coord_trans_msg/lib/python3.8/site-packages'
[0.721s] Level 1:colcon.colcon_core.shell:create_environment_hook('coord_trans_msg', 'pythonpath')
[0.721s] INFO:colcon.colcon_core.shell:Creating environment hook '/home/knakamura/AR_ws/install/coord_trans_msg/share/coord_trans_msg/hook/pythonpath.ps1'
[0.721s] INFO:colcon.colcon_core.shell:Creating environment descriptor '/home/knakamura/AR_ws/install/coord_trans_msg/share/coord_trans_msg/hook/pythonpath.dsv'
[0.722s] INFO:colcon.colcon_core.shell:Creating environment hook '/home/knakamura/AR_ws/install/coord_trans_msg/share/coord_trans_msg/hook/pythonpath.sh'
[0.722s] Level 1:colcon.colcon_core.environment:checking '/home/knakamura/AR_ws/install/coord_trans_msg/bin'
[0.722s] INFO:colcon.colcon_core.shell:Creating package script '/home/knakamura/AR_ws/install/coord_trans_msg/share/coord_trans_msg/package.ps1'
[0.723s] INFO:colcon.colcon_core.shell:Creating package descriptor '/home/knakamura/AR_ws/install/coord_trans_msg/share/coord_trans_msg/package.dsv'
[0.723s] INFO:colcon.colcon_core.shell:Creating package script '/home/knakamura/AR_ws/install/coord_trans_msg/share/coord_trans_msg/package.sh'
[0.724s] INFO:colcon.colcon_core.shell:Creating package script '/home/knakamura/AR_ws/install/coord_trans_msg/share/coord_trans_msg/package.bash'
[0.725s] INFO:colcon.colcon_core.shell:Creating package script '/home/knakamura/AR_ws/install/coord_trans_msg/share/coord_trans_msg/package.zsh'
[0.725s] Level 1:colcon.colcon_core.environment:create_file_with_runtime_dependencies(/home/knakamura/AR_ws/install/coord_trans_msg/share/colcon-core/packages/coord_trans_msg)
[0.758s] Level 1:colcon.colcon_core.environment:create_environment_scripts_only(coord_trans_msg)
[0.758s] Level 1:colcon.colcon_core.environment:checking '/home/knakamura/AR_ws/install/coord_trans_msg' for CMake module files
[0.758s] Level 1:colcon.colcon_core.environment:checking '/home/knakamura/AR_ws/install/coord_trans_msg' for CMake config files
[0.759s] Level 1:colcon.colcon_core.shell:create_environment_hook('coord_trans_msg', 'cmake_prefix_path')
[0.759s] INFO:colcon.colcon_core.shell:Creating environment hook '/home/knakamura/AR_ws/install/coord_trans_msg/share/coord_trans_msg/hook/cmake_prefix_path.ps1'
[0.759s] INFO:colcon.colcon_core.shell:Creating environment descriptor '/home/knakamura/AR_ws/install/coord_trans_msg/share/coord_trans_msg/hook/cmake_prefix_path.dsv'
[0.759s] INFO:colcon.colcon_core.shell:Creating environment hook '/home/knakamura/AR_ws/install/coord_trans_msg/share/coord_trans_msg/hook/cmake_prefix_path.sh'
[0.760s] Level 1:colcon.colcon_core.environment:checking '/home/knakamura/AR_ws/install/coord_trans_msg/lib'
[0.760s] Level 1:colcon.colcon_core.shell:create_environment_hook('coord_trans_msg', 'ld_library_path_lib')
[0.760s] INFO:colcon.colcon_core.shell:Creating environment hook '/home/knakamura/AR_ws/install/coord_trans_msg/share/coord_trans_msg/hook/ld_library_path_lib.ps1'
[0.760s] INFO:colcon.colcon_core.shell:Creating environment descriptor '/home/knakamura/AR_ws/install/coord_trans_msg/share/coord_trans_msg/hook/ld_library_path_lib.dsv'
[0.760s] INFO:colcon.colcon_core.shell:Creating environment hook '/home/knakamura/AR_ws/install/coord_trans_msg/share/coord_trans_msg/hook/ld_library_path_lib.sh'
[0.760s] Level 1:colcon.colcon_core.environment:checking '/home/knakamura/AR_ws/install/coord_trans_msg/bin'
[0.761s] Level 1:colcon.colcon_core.environment:checking '/home/knakamura/AR_ws/install/coord_trans_msg/lib/pkgconfig/coord_trans_msg.pc'
[0.761s] Level 1:colcon.colcon_core.environment:checking '/home/knakamura/AR_ws/install/coord_trans_msg/lib/python3.8/site-packages'
[0.761s] Level 1:colcon.colcon_core.shell:create_environment_hook('coord_trans_msg', 'pythonpath')
[0.761s] INFO:colcon.colcon_core.shell:Creating environment hook '/home/knakamura/AR_ws/install/coord_trans_msg/share/coord_trans_msg/hook/pythonpath.ps1'
[0.761s] INFO:colcon.colcon_core.shell:Creating environment descriptor '/home/knakamura/AR_ws/install/coord_trans_msg/share/coord_trans_msg/hook/pythonpath.dsv'
[0.761s] INFO:colcon.colcon_core.shell:Creating environment hook '/home/knakamura/AR_ws/install/coord_trans_msg/share/coord_trans_msg/hook/pythonpath.sh'
[0.762s] Level 1:colcon.colcon_core.environment:checking '/home/knakamura/AR_ws/install/coord_trans_msg/bin'
[0.762s] INFO:colcon.colcon_core.shell:Creating package script '/home/knakamura/AR_ws/install/coord_trans_msg/share/coord_trans_msg/package.ps1'
[0.762s] INFO:colcon.colcon_core.shell:Creating package descriptor '/home/knakamura/AR_ws/install/coord_trans_msg/share/coord_trans_msg/package.dsv'
[0.763s] INFO:colcon.colcon_core.shell:Creating package script '/home/knakamura/AR_ws/install/coord_trans_msg/share/coord_trans_msg/package.sh'
[0.763s] INFO:colcon.colcon_core.shell:Creating package script '/home/knakamura/AR_ws/install/coord_trans_msg/share/coord_trans_msg/package.bash'
[0.763s] INFO:colcon.colcon_core.shell:Creating package script '/home/knakamura/AR_ws/install/coord_trans_msg/share/coord_trans_msg/package.zsh'
[0.763s] Level 1:colcon.colcon_core.environment:create_file_with_runtime_dependencies(/home/knakamura/AR_ws/install/coord_trans_msg/share/colcon-core/packages/coord_trans_msg)
[1.065s] DEBUG:colcon.colcon_core.event_handler.log_command:Invoking command in '/home/knakamura/AR_ws/src/AR_detection': PYTHONPATH=/home/knakamura/AR_ws/build/AR_detection/prefix_override:/home/knakamura/AR_ws/install/AR_detection/lib/python3.8/site-packages:${PYTHONPATH} /usr/bin/python3 -W ignore:setup.py install is deprecated setup.py egg_info --egg-base ../../build/AR_detection build --build-base /home/knakamura/AR_ws/build/AR_detection/build install --record /home/knakamura/AR_ws/build/AR_detection/install.log --install-scripts $base/lib/AR_detection --single-version-externally-managed install_data
[1.507s] Level 1:colcon.colcon_core.environment:checking '/home/knakamura/AR_ws/install/AR_detection' for CMake module files
[1.507s] Level 1:colcon.colcon_core.environment:checking '/home/knakamura/AR_ws/install/AR_detection' for CMake config files
[1.508s] DEBUG:colcon.colcon_core.event_handler.log_command:Invoked command in '/home/knakamura/AR_ws/src/AR_detection' returned '0': PYTHONPATH=/home/knakamura/AR_ws/build/AR_detection/prefix_override:/home/knakamura/AR_ws/install/AR_detection/lib/python3.8/site-packages:${PYTHONPATH} /usr/bin/python3 -W ignore:setup.py install is deprecated setup.py egg_info --egg-base ../../build/AR_detection build --build-base /home/knakamura/AR_ws/build/AR_detection/build install --record /home/knakamura/AR_ws/build/AR_detection/install.log --install-scripts $base/lib/AR_detection --single-version-externally-managed install_data
[1.508s] Level 1:colcon.colcon_core.environment:checking '/home/knakamura/AR_ws/install/AR_detection/lib'
[1.508s] Level 1:colcon.colcon_core.environment:checking '/home/knakamura/AR_ws/install/AR_detection/bin'
[1.508s] Level 1:colcon.colcon_core.environment:checking '/home/knakamura/AR_ws/install/AR_detection/lib/pkgconfig/AR_detection.pc'
[1.508s] Level 1:colcon.colcon_core.environment:checking '/home/knakamura/AR_ws/install/AR_detection/lib/python3.8/site-packages'
[1.508s] Level 1:colcon.colcon_core.shell:create_environment_hook('AR_detection', 'pythonpath')
[1.509s] INFO:colcon.colcon_core.shell:Creating environment hook '/home/knakamura/AR_ws/install/AR_detection/share/AR_detection/hook/pythonpath.ps1'
[1.509s] INFO:colcon.colcon_core.shell:Creating environment descriptor '/home/knakamura/AR_ws/install/AR_detection/share/AR_detection/hook/pythonpath.dsv'
[1.509s] INFO:colcon.colcon_core.shell:Creating environment hook '/home/knakamura/AR_ws/install/AR_detection/share/AR_detection/hook/pythonpath.sh'
[1.510s] Level 1:colcon.colcon_core.environment:checking '/home/knakamura/AR_ws/install/AR_detection/bin'
[1.510s] Level 1:colcon.colcon_core.environment:create_environment_scripts_only(AR_detection)
[1.510s] INFO:colcon.colcon_core.shell:Creating package script '/home/knakamura/AR_ws/install/AR_detection/share/AR_detection/package.ps1'
[1.510s] INFO:colcon.colcon_core.shell:Creating package descriptor '/home/knakamura/AR_ws/install/AR_detection/share/AR_detection/package.dsv'
[1.511s] INFO:colcon.colcon_core.shell:Creating package script '/home/knakamura/AR_ws/install/AR_detection/share/AR_detection/package.sh'
[1.511s] INFO:colcon.colcon_core.shell:Creating package script '/home/knakamura/AR_ws/install/AR_detection/share/AR_detection/package.bash'
[1.511s] INFO:colcon.colcon_core.shell:Creating package script '/home/knakamura/AR_ws/install/AR_detection/share/AR_detection/package.zsh'
[1.511s] Level 1:colcon.colcon_core.environment:create_file_with_runtime_dependencies(/home/knakamura/AR_ws/install/AR_detection/share/colcon-core/packages/AR_detection)
[1.512s] DEBUG:colcon.colcon_parallel_executor.executor.parallel:closing loop
[1.512s] DEBUG:colcon.colcon_parallel_executor.executor.parallel:loop closed
[1.512s] DEBUG:colcon.colcon_parallel_executor.executor.parallel:run_until_complete finished with '0'
[1.512s] DEBUG:colcon.colcon_core.event_reactor:joining thread
[1.516s] INFO:colcon.colcon_core.plugin_system:Skipping extension 'colcon_notification.desktop_notification.terminal_notifier': Not used on non-Darwin systems
[1.516s] INFO:colcon.colcon_core.plugin_system:Skipping extension 'colcon_notification.desktop_notification.win32': Not used on non-Windows systems
[1.516s] INFO:colcon.colcon_notification.desktop_notification:Sending desktop notification using 'notify2'
[1.526s] DEBUG:colcon.colcon_core.event_reactor:joined thread
[1.526s] INFO:colcon.colcon_core.shell:Creating prefix script '/home/knakamura/AR_ws/install/local_setup.ps1'
[1.527s] INFO:colcon.colcon_core.shell:Creating prefix util module '/home/knakamura/AR_ws/install/_local_setup_util_ps1.py'
[1.528s] INFO:colcon.colcon_core.shell:Creating prefix chain script '/home/knakamura/AR_ws/install/setup.ps1'
[1.529s] INFO:colcon.colcon_core.shell:Creating prefix script '/home/knakamura/AR_ws/install/local_setup.sh'
[1.529s] INFO:colcon.colcon_core.shell:Creating prefix util module '/home/knakamura/AR_ws/install/_local_setup_util_sh.py'
[1.530s] INFO:colcon.colcon_core.shell:Creating prefix chain script '/home/knakamura/AR_ws/install/setup.sh'
[1.531s] INFO:colcon.colcon_core.shell:Creating prefix script '/home/knakamura/AR_ws/install/local_setup.bash'
[1.531s] INFO:colcon.colcon_core.shell:Creating prefix chain script '/home/knakamura/AR_ws/install/setup.bash'
[1.532s] INFO:colcon.colcon_core.shell:Creating prefix script '/home/knakamura/AR_ws/install/local_setup.zsh'
[1.532s] INFO:colcon.colcon_core.shell:Creating prefix chain script '/home/knakamura/AR_ws/install/setup.zsh'
