[0.182s] Invoking command in '/home/knakamura/AR_ws/build/coord_trans_msg': CMAKE_PREFIX_PATH=${CMAKE_PREFIX_PATH}:/home/knakamura/AR_ws/install/AR_detection:/home/knakamura/ros2_ws/install/shigure_core:/home/knakamura/ros2_ws/install/rs_ros2_python:/home/knakamura/ros2_ws/install/ros2_test_communicate:/home/knakamura/ros2_ws/install/record_camera:/home/knakamura/ros2_ws/install/openpose_ros2:/home/knakamura/ros2_ws/install/boxmot_tracking:/opt/ros/foxy /usr/bin/cmake --build /home/knakamura/AR_ws/build/coord_trans_msg -- -j16 -l16
[0.200s] -- Found ament_cmake: 0.9.12 (/opt/ros/foxy/share/ament_cmake/cmake)
[0.219s] -- Found PythonInterp: /usr/bin/python3 (found suitable version "3.8.10", minimum required is "3") 
[0.219s] -- Using PYTHON_EXECUTABLE: /usr/bin/python3
[0.391s] -- Found rosidl_default_generators: 1.0.1 (/opt/ros/foxy/share/rosidl_default_generators/cmake)
[0.394s] -- Using all available rosidl_typesupport_c: rosidl_typesupport_fastrtps_c;rosidl_typesupport_introspection_c
[0.396s] -- Found rosidl_adapter: 1.3.1 (/opt/ros/foxy/share/rosidl_adapter/cmake)
[0.492s] -- Using all available rosidl_typesupport_cpp: rosidl_typesupport_fastrtps_cpp;rosidl_typesupport_introspection_cpp
[0.527s] -- Found PythonInterp: /usr/bin/python3 (found version "3.8.10") 
[0.619s] -- Found ament_cmake_ros: 0.9.2 (/opt/ros/foxy/share/ament_cmake_ros/cmake)
[0.684s] -- Using all available rosidl_typesupport_c: rosidl_typesupport_fastrtps_c;rosidl_typesupport_introspection_c
[0.690s] -- Using all available rosidl_typesupport_cpp: rosidl_typesupport_fastrtps_cpp;rosidl_typesupport_introspection_cpp
[0.709s] -- Found PythonInterp: /usr/bin/python3 (found suitable version "3.8.10", minimum required is "3.5") 
[0.709s] -- Found python_cmake_module: 0.8.1 (/opt/ros/foxy/share/python_cmake_module/cmake)
[0.730s] -- Using PYTHON_EXECUTABLE: /usr/bin/python3
[0.730s] -- Using PYTHON_INCLUDE_DIRS: /usr/include/python3.8
[0.730s] -- Using PYTHON_LIBRARIES: /usr/lib/x86_64-linux-gnu/libpython3.8.so
[0.741s] -- Found ament_lint_auto: 0.9.8 (/opt/ros/foxy/share/ament_lint_auto/cmake)
[0.749s] -- Added test 'copyright' to check source files copyright and LICENSE
[0.749s] -- Added test 'lint_cmake' to check CMake code style
[0.750s] -- Added test 'xmllint' to check XML markup files
[0.752s] -- Configuring done
[0.770s] -- Generating done
[0.772s] -- Build files have been written to: /home/knakamura/AR_ws/build/coord_trans_msg
[0.790s] [  3%] [34m[1mGenerating C code for ROS interfaces[0m
[0.797s] [  6%] [34m[1mGenerating C++ code for ROS interfaces[0m
[0.962s] [  6%] Built target coord_trans_msg__cpp
[0.962s] [35m[1mScanning dependencies of target coord_trans_msg__rosidl_generator_c[0m
[0.969s] [ 16%] [34m[1mGenerating C++ type support for eProsima Fast-RTPS[0m
[0.969s] [ 16%] [34m[1mGenerating C++ introspection for ROS interfaces[0m
[0.969s] [ 16%] [34m[1mGenerating C++ type support dispatch for ROS interfaces[0m
[0.969s] [ 19%] [32mBuilding C object CMakeFiles/coord_trans_msg__rosidl_generator_c.dir/rosidl_generator_c/coord_trans_msg/msg/detail/coordtrans__functions.c.o[0m
[1.002s] [ 22%] [32m[1mLinking C shared library libcoord_trans_msg__rosidl_generator_c.so[0m
[1.026s] [ 22%] Built target coord_trans_msg__rosidl_generator_c
[1.033s] [ 29%] [34m[1mGenerating C introspection for ROS interfaces[0m
[1.033s] [ 29%] [34m[1mGenerating C type support dispatch for ROS interfaces[0m
[1.111s] [35m[1mScanning dependencies of target coord_trans_msg__rosidl_typesupport_cpp[0m
[1.119s] [ 32%] [32mBuilding CXX object CMakeFiles/coord_trans_msg__rosidl_typesupport_cpp.dir/rosidl_typesupport_cpp/coord_trans_msg/msg/coordtrans__type_support.cpp.o[0m
[1.124s] [35m[1mScanning dependencies of target coord_trans_msg__rosidl_typesupport_introspection_cpp[0m
[1.130s] [35m[1mScanning dependencies of target coord_trans_msg__rosidl_typesupport_fastrtps_cpp[0m
[1.132s] [ 35%] [32mBuilding CXX object CMakeFiles/coord_trans_msg__rosidl_typesupport_introspection_cpp.dir/rosidl_typesupport_introspection_cpp/coord_trans_msg/msg/detail/coordtrans__type_support.cpp.o[0m
[1.139s] [ 38%] [32mBuilding CXX object CMakeFiles/coord_trans_msg__rosidl_typesupport_fastrtps_cpp.dir/rosidl_typesupport_fastrtps_cpp/coord_trans_msg/msg/detail/dds_fastrtps/coordtrans__type_support.cpp.o[0m
[1.183s] [35m[1mScanning dependencies of target coord_trans_msg__rosidl_typesupport_c[0m
[1.191s] [ 41%] [32mBuilding CXX object CMakeFiles/coord_trans_msg__rosidl_typesupport_c.dir/rosidl_typesupport_c/coord_trans_msg/msg/coordtrans__type_support.cpp.o[0m
[1.196s] [35m[1mScanning dependencies of target coord_trans_msg__rosidl_typesupport_introspection_c[0m
[1.204s] [ 45%] [32mBuilding C object CMakeFiles/coord_trans_msg__rosidl_typesupport_introspection_c.dir/rosidl_typesupport_introspection_c/coord_trans_msg/msg/detail/coordtrans__type_support.c.o[0m
[1.212s] [ 48%] [32m[1mLinking CXX shared library libcoord_trans_msg__rosidl_typesupport_c.so[0m
[1.227s] [ 51%] [32m[1mLinking C shared library libcoord_trans_msg__rosidl_typesupport_introspection_c.so[0m
[1.240s] [ 51%] Built target coord_trans_msg__rosidl_typesupport_c
[1.248s] [ 51%] Built target coord_trans_msg__rosidl_typesupport_introspection_c
[1.319s] [ 54%] [32m[1mLinking CXX shared library libcoord_trans_msg__rosidl_typesupport_cpp.so[0m
[1.346s] [ 54%] Built target coord_trans_msg__rosidl_typesupport_cpp
[1.359s] [ 58%] [32m[1mLinking CXX shared library libcoord_trans_msg__rosidl_typesupport_introspection_cpp.so[0m
[1.403s] [ 58%] Built target coord_trans_msg__rosidl_typesupport_introspection_cpp
[1.451s] [ 61%] [32m[1mLinking CXX shared library libcoord_trans_msg__rosidl_typesupport_fastrtps_cpp.so[0m
[1.503s] [ 61%] Built target coord_trans_msg__rosidl_typesupport_fastrtps_cpp
[1.509s] [ 64%] [34m[1mGenerating C type support for eProsima Fast-RTPS[0m
[1.663s] [35m[1mScanning dependencies of target coord_trans_msg__rosidl_typesupport_fastrtps_c[0m
[1.670s] [ 67%] [32mBuilding CXX object CMakeFiles/coord_trans_msg__rosidl_typesupport_fastrtps_c.dir/rosidl_typesupport_fastrtps_c/coord_trans_msg/msg/detail/coordtrans__type_support_c.cpp.o[0m
[1.901s] [ 70%] [32m[1mLinking CXX shared library libcoord_trans_msg__rosidl_typesupport_fastrtps_c.so[0m
[1.952s] [ 70%] Built target coord_trans_msg__rosidl_typesupport_fastrtps_c
[1.964s] [ 70%] Built target coord_trans_msg
[1.976s] [ 74%] [34m[1mGenerating Python code for ROS interfaces[0m
[2.237s] [ 74%] Built target coord_trans_msg__py
[2.244s] [35m[1mScanning dependencies of target coord_trans_msg__python[0m
[2.253s] [ 77%] [32mBuilding C object CMakeFiles/coord_trans_msg__python.dir/rosidl_generator_py/coord_trans_msg/msg/_coordtrans_s.c.o[0m
[2.314s] [ 80%] [32m[1mLinking C shared library rosidl_generator_py/coord_trans_msg/libcoord_trans_msg__python.so[0m
[2.339s] [ 80%] Built target coord_trans_msg__python
[2.346s] [35m[1mScanning dependencies of target coord_trans_msg__rosidl_typesupport_fastrtps_c__pyext[0m
[2.346s] [35m[1mScanning dependencies of target coord_trans_msg__rosidl_typesupport_introspection_c__pyext[0m
[2.346s] [35m[1mScanning dependencies of target coord_trans_msg__rosidl_typesupport_c__pyext[0m
[2.356s] [ 87%] [32mBuilding C object CMakeFiles/coord_trans_msg__rosidl_typesupport_introspection_c__pyext.dir/rosidl_generator_py/coord_trans_msg/_coord_trans_msg_s.ep.rosidl_typesupport_introspection_c.c.o[0m
[2.356s] [ 87%] [32mBuilding C object CMakeFiles/coord_trans_msg__rosidl_typesupport_fastrtps_c__pyext.dir/rosidl_generator_py/coord_trans_msg/_coord_trans_msg_s.ep.rosidl_typesupport_fastrtps_c.c.o[0m
[2.357s] [ 90%] [32mBuilding C object CMakeFiles/coord_trans_msg__rosidl_typesupport_c__pyext.dir/rosidl_generator_py/coord_trans_msg/_coord_trans_msg_s.ep.rosidl_typesupport_c.c.o[0m
[2.409s] [100%] [32m[1mLinking C shared library rosidl_generator_py/coord_trans_msg/coord_trans_msg_s__rosidl_typesupport_introspection_c.cpython-38-x86_64-linux-gnu.so[0m
[2.409s] [100%] [32m[1mLinking CXX shared library rosidl_generator_py/coord_trans_msg/coord_trans_msg_s__rosidl_typesupport_fastrtps_c.cpython-38-x86_64-linux-gnu.so[0m
[2.409s] [100%] [32m[1mLinking C shared library rosidl_generator_py/coord_trans_msg/coord_trans_msg_s__rosidl_typesupport_c.cpython-38-x86_64-linux-gnu.so[0m
[2.432s] [100%] Built target coord_trans_msg__rosidl_typesupport_introspection_c__pyext
[2.432s] [100%] Built target coord_trans_msg__rosidl_typesupport_c__pyext
[2.450s] [100%] Built target coord_trans_msg__rosidl_typesupport_fastrtps_c__pyext
[2.458s] Invoked command in '/home/knakamura/AR_ws/build/coord_trans_msg' returned '0': CMAKE_PREFIX_PATH=${CMAKE_PREFIX_PATH}:/home/knakamura/AR_ws/install/AR_detection:/home/knakamura/ros2_ws/install/shigure_core:/home/knakamura/ros2_ws/install/rs_ros2_python:/home/knakamura/ros2_ws/install/ros2_test_communicate:/home/knakamura/ros2_ws/install/record_camera:/home/knakamura/ros2_ws/install/openpose_ros2:/home/knakamura/ros2_ws/install/boxmot_tracking:/opt/ros/foxy /usr/bin/cmake --build /home/knakamura/AR_ws/build/coord_trans_msg -- -j16 -l16
[2.497s] Invoking command in '/home/knakamura/AR_ws/build/coord_trans_msg': CMAKE_PREFIX_PATH=${CMAKE_PREFIX_PATH}:/home/knakamura/AR_ws/install/AR_detection:/home/knakamura/ros2_ws/install/shigure_core:/home/knakamura/ros2_ws/install/rs_ros2_python:/home/knakamura/ros2_ws/install/ros2_test_communicate:/home/knakamura/ros2_ws/install/record_camera:/home/knakamura/ros2_ws/install/openpose_ros2:/home/knakamura/ros2_ws/install/boxmot_tracking:/opt/ros/foxy /usr/bin/cmake --install /home/knakamura/AR_ws/build/coord_trans_msg
[2.502s] -- Install configuration: ""
[2.502s] -- Up-to-date: /home/knakamura/AR_ws/install/coord_trans_msg/share/ament_index/resource_index/rosidl_interfaces/coord_trans_msg
[2.502s] -- Up-to-date: /home/knakamura/AR_ws/install/coord_trans_msg/include/coord_trans_msg
[2.503s] -- Up-to-date: /home/knakamura/AR_ws/install/coord_trans_msg/include/coord_trans_msg/msg
[2.503s] -- Installing: /home/knakamura/AR_ws/install/coord_trans_msg/include/coord_trans_msg/msg/coordtrans.h
[2.503s] -- Up-to-date: /home/knakamura/AR_ws/install/coord_trans_msg/include/coord_trans_msg/msg/detail
[2.503s] -- Installing: /home/knakamura/AR_ws/install/coord_trans_msg/include/coord_trans_msg/msg/detail/coordtrans__struct.h
[2.503s] -- Installing: /home/knakamura/AR_ws/install/coord_trans_msg/include/coord_trans_msg/msg/detail/coordtrans__functions.h
[2.503s] -- Installing: /home/knakamura/AR_ws/install/coord_trans_msg/include/coord_trans_msg/msg/detail/coordtrans__type_support.h
[2.503s] -- Installing: /home/knakamura/AR_ws/install/coord_trans_msg/include/coord_trans_msg/msg/detail/coordtrans__functions.c
[2.503s] -- Up-to-date: /home/knakamura/AR_ws/install/coord_trans_msg/include/coord_trans_msg/msg/rosidl_generator_c__visibility_control.h
[2.503s] -- Up-to-date: /home/knakamura/AR_ws/install/coord_trans_msg/share/coord_trans_msg/environment/library_path.sh
[2.503s] -- Installing: /home/knakamura/AR_ws/install/coord_trans_msg/share/coord_trans_msg/environment/library_path.dsv
[2.503s] -- Installing: /home/knakamura/AR_ws/install/coord_trans_msg/lib/libcoord_trans_msg__rosidl_generator_c.so
[2.503s] -- Set runtime path of "/home/knakamura/AR_ws/install/coord_trans_msg/lib/libcoord_trans_msg__rosidl_generator_c.so" to ""
[2.503s] -- Up-to-date: /home/knakamura/AR_ws/install/coord_trans_msg/include/coord_trans_msg
[2.503s] -- Up-to-date: /home/knakamura/AR_ws/install/coord_trans_msg/include/coord_trans_msg/msg
[2.503s] -- Up-to-date: /home/knakamura/AR_ws/install/coord_trans_msg/include/coord_trans_msg/msg/detail
[2.503s] -- Installing: /home/knakamura/AR_ws/install/coord_trans_msg/include/coord_trans_msg/msg/detail/coordtrans__rosidl_typesupport_fastrtps_c.h
[2.503s] -- Up-to-date: /home/knakamura/AR_ws/install/coord_trans_msg/include/coord_trans_msg/msg/rosidl_typesupport_fastrtps_c__visibility_control.h
[2.504s] -- Installing: /home/knakamura/AR_ws/install/coord_trans_msg/lib/libcoord_trans_msg__rosidl_typesupport_fastrtps_c.so
[2.504s] -- Set runtime path of "/home/knakamura/AR_ws/install/coord_trans_msg/lib/libcoord_trans_msg__rosidl_typesupport_fastrtps_c.so" to ""
[2.504s] -- Up-to-date: /home/knakamura/AR_ws/install/coord_trans_msg/include/coord_trans_msg
[2.504s] -- Up-to-date: /home/knakamura/AR_ws/install/coord_trans_msg/include/coord_trans_msg/msg
[2.504s] -- Up-to-date: /home/knakamura/AR_ws/install/coord_trans_msg/include/coord_trans_msg/msg/detail
[2.504s] -- Up-to-date: /home/knakamura/AR_ws/install/coord_trans_msg/include/coord_trans_msg/msg/detail/dds_fastrtps
[2.504s] -- Installing: /home/knakamura/AR_ws/install/coord_trans_msg/include/coord_trans_msg/msg/detail/coordtrans__rosidl_typesupport_fastrtps_cpp.hpp
[2.504s] -- Up-to-date: /home/knakamura/AR_ws/install/coord_trans_msg/include/coord_trans_msg/msg/rosidl_typesupport_fastrtps_cpp__visibility_control.h
[2.504s] -- Installing: /home/knakamura/AR_ws/install/coord_trans_msg/lib/libcoord_trans_msg__rosidl_typesupport_fastrtps_cpp.so
[2.504s] -- Set runtime path of "/home/knakamura/AR_ws/install/coord_trans_msg/lib/libcoord_trans_msg__rosidl_typesupport_fastrtps_cpp.so" to ""
[2.504s] -- Up-to-date: /home/knakamura/AR_ws/install/coord_trans_msg/include/coord_trans_msg
[2.504s] -- Up-to-date: /home/knakamura/AR_ws/install/coord_trans_msg/include/coord_trans_msg/msg
[2.504s] -- Up-to-date: /home/knakamura/AR_ws/install/coord_trans_msg/include/coord_trans_msg/msg/rosidl_typesupport_introspection_c__visibility_control.h
[2.505s] -- Up-to-date: /home/knakamura/AR_ws/install/coord_trans_msg/include/coord_trans_msg/msg/detail
[2.505s] -- Installing: /home/knakamura/AR_ws/install/coord_trans_msg/include/coord_trans_msg/msg/detail/coordtrans__type_support.c
[2.505s] -- Installing: /home/knakamura/AR_ws/install/coord_trans_msg/include/coord_trans_msg/msg/detail/coordtrans__rosidl_typesupport_introspection_c.h
[2.505s] -- Installing: /home/knakamura/AR_ws/install/coord_trans_msg/lib/libcoord_trans_msg__rosidl_typesupport_introspection_c.so
[2.505s] -- Set runtime path of "/home/knakamura/AR_ws/install/coord_trans_msg/lib/libcoord_trans_msg__rosidl_typesupport_introspection_c.so" to ""
[2.505s] -- Installing: /home/knakamura/AR_ws/install/coord_trans_msg/lib/libcoord_trans_msg__rosidl_typesupport_c.so
[2.505s] -- Set runtime path of "/home/knakamura/AR_ws/install/coord_trans_msg/lib/libcoord_trans_msg__rosidl_typesupport_c.so" to ""
[2.505s] -- Up-to-date: /home/knakamura/AR_ws/install/coord_trans_msg/include/coord_trans_msg
[2.505s] -- Up-to-date: /home/knakamura/AR_ws/install/coord_trans_msg/include/coord_trans_msg/msg
[2.505s] -- Up-to-date: /home/knakamura/AR_ws/install/coord_trans_msg/include/coord_trans_msg/msg/rosidl_generator_cpp__visibility_control.hpp
[2.505s] -- Up-to-date: /home/knakamura/AR_ws/install/coord_trans_msg/include/coord_trans_msg/msg/detail
[2.506s] -- Installing: /home/knakamura/AR_ws/install/coord_trans_msg/include/coord_trans_msg/msg/detail/coordtrans__struct.hpp
[2.506s] -- Installing: /home/knakamura/AR_ws/install/coord_trans_msg/include/coord_trans_msg/msg/detail/coordtrans__type_support.hpp
[2.506s] -- Installing: /home/knakamura/AR_ws/install/coord_trans_msg/include/coord_trans_msg/msg/detail/coordtrans__builder.hpp
[2.506s] -- Installing: /home/knakamura/AR_ws/install/coord_trans_msg/include/coord_trans_msg/msg/detail/coordtrans__traits.hpp
[2.506s] -- Installing: /home/knakamura/AR_ws/install/coord_trans_msg/include/coord_trans_msg/msg/coordtrans.hpp
[2.506s] -- Up-to-date: /home/knakamura/AR_ws/install/coord_trans_msg/include/coord_trans_msg
[2.506s] -- Up-to-date: /home/knakamura/AR_ws/install/coord_trans_msg/include/coord_trans_msg/msg
[2.506s] -- Up-to-date: /home/knakamura/AR_ws/install/coord_trans_msg/include/coord_trans_msg/msg/detail
[2.506s] -- Installing: /home/knakamura/AR_ws/install/coord_trans_msg/include/coord_trans_msg/msg/detail/coordtrans__type_support.cpp
[2.506s] -- Installing: /home/knakamura/AR_ws/install/coord_trans_msg/include/coord_trans_msg/msg/detail/coordtrans__rosidl_typesupport_introspection_cpp.hpp
[2.506s] -- Installing: /home/knakamura/AR_ws/install/coord_trans_msg/lib/libcoord_trans_msg__rosidl_typesupport_introspection_cpp.so
[2.506s] -- Set runtime path of "/home/knakamura/AR_ws/install/coord_trans_msg/lib/libcoord_trans_msg__rosidl_typesupport_introspection_cpp.so" to ""
[2.506s] -- Installing: /home/knakamura/AR_ws/install/coord_trans_msg/lib/libcoord_trans_msg__rosidl_typesupport_cpp.so
[2.506s] -- Set runtime path of "/home/knakamura/AR_ws/install/coord_trans_msg/lib/libcoord_trans_msg__rosidl_typesupport_cpp.so" to ""
[2.507s] -- Up-to-date: /home/knakamura/AR_ws/install/coord_trans_msg/share/coord_trans_msg/environment/pythonpath.sh
[2.507s] -- Installing: /home/knakamura/AR_ws/install/coord_trans_msg/share/coord_trans_msg/environment/pythonpath.dsv
[2.507s] -- Installing: /home/knakamura/AR_ws/install/coord_trans_msg/lib/python3.8/site-packages/coord_trans_msg/__init__.py
[2.533s] Compiling '/home/knakamura/AR_ws/install/coord_trans_msg/lib/python3.8/site-packages/coord_trans_msg/__init__.py'...
[2.535s] -- Up-to-date: /home/knakamura/AR_ws/install/coord_trans_msg/lib/python3.8/site-packages/coord_trans_msg/msg
[2.535s] -- Installing: /home/knakamura/AR_ws/install/coord_trans_msg/lib/python3.8/site-packages/coord_trans_msg/msg/__init__.py
[2.535s] -- Installing: /home/knakamura/AR_ws/install/coord_trans_msg/lib/python3.8/site-packages/coord_trans_msg/msg/_coordtrans_s.c
[2.535s] -- Installing: /home/knakamura/AR_ws/install/coord_trans_msg/lib/python3.8/site-packages/coord_trans_msg/msg/_coordtrans.py
[2.536s] -- Installing: /home/knakamura/AR_ws/install/coord_trans_msg/lib/python3.8/site-packages/coord_trans_msg/coord_trans_msg_s__rosidl_typesupport_fastrtps_c.cpython-38-x86_64-linux-gnu.so
[2.536s] -- Set runtime path of "/home/knakamura/AR_ws/install/coord_trans_msg/lib/python3.8/site-packages/coord_trans_msg/coord_trans_msg_s__rosidl_typesupport_fastrtps_c.cpython-38-x86_64-linux-gnu.so" to ""
[2.536s] -- Installing: /home/knakamura/AR_ws/install/coord_trans_msg/lib/python3.8/site-packages/coord_trans_msg/coord_trans_msg_s__rosidl_typesupport_introspection_c.cpython-38-x86_64-linux-gnu.so
[2.536s] -- Set runtime path of "/home/knakamura/AR_ws/install/coord_trans_msg/lib/python3.8/site-packages/coord_trans_msg/coord_trans_msg_s__rosidl_typesupport_introspection_c.cpython-38-x86_64-linux-gnu.so" to ""
[2.537s] -- Installing: /home/knakamura/AR_ws/install/coord_trans_msg/lib/python3.8/site-packages/coord_trans_msg/coord_trans_msg_s__rosidl_typesupport_c.cpython-38-x86_64-linux-gnu.so
[2.537s] -- Set runtime path of "/home/knakamura/AR_ws/install/coord_trans_msg/lib/python3.8/site-packages/coord_trans_msg/coord_trans_msg_s__rosidl_typesupport_c.cpython-38-x86_64-linux-gnu.so" to ""
[2.537s] -- Installing: /home/knakamura/AR_ws/install/coord_trans_msg/lib/libcoord_trans_msg__python.so
[2.537s] -- Set runtime path of "/home/knakamura/AR_ws/install/coord_trans_msg/lib/libcoord_trans_msg__python.so" to ""
[2.537s] -- Installing: /home/knakamura/AR_ws/install/coord_trans_msg/share/coord_trans_msg/msg/Coordtrans.idl
[2.537s] -- Installing: /home/knakamura/AR_ws/install/coord_trans_msg/share/coord_trans_msg/msg/Coordtrans.msg
[2.538s] -- Up-to-date: /home/knakamura/AR_ws/install/coord_trans_msg/share/ament_index/resource_index/package_run_dependencies/coord_trans_msg
[2.538s] -- Installing: /home/knakamura/AR_ws/install/coord_trans_msg/share/ament_index/resource_index/parent_prefix_path/coord_trans_msg
[2.538s] -- Up-to-date: /home/knakamura/AR_ws/install/coord_trans_msg/share/coord_trans_msg/environment/ament_prefix_path.sh
[2.538s] -- Installing: /home/knakamura/AR_ws/install/coord_trans_msg/share/coord_trans_msg/environment/ament_prefix_path.dsv
[2.538s] -- Up-to-date: /home/knakamura/AR_ws/install/coord_trans_msg/share/coord_trans_msg/environment/path.sh
[2.538s] -- Installing: /home/knakamura/AR_ws/install/coord_trans_msg/share/coord_trans_msg/environment/path.dsv
[2.538s] -- Up-to-date: /home/knakamura/AR_ws/install/coord_trans_msg/share/coord_trans_msg/local_setup.bash
[2.538s] -- Up-to-date: /home/knakamura/AR_ws/install/coord_trans_msg/share/coord_trans_msg/local_setup.sh
[2.538s] -- Up-to-date: /home/knakamura/AR_ws/install/coord_trans_msg/share/coord_trans_msg/local_setup.zsh
[2.538s] -- Installing: /home/knakamura/AR_ws/install/coord_trans_msg/share/coord_trans_msg/local_setup.dsv
[2.538s] -- Installing: /home/knakamura/AR_ws/install/coord_trans_msg/share/coord_trans_msg/package.dsv
[2.538s] -- Up-to-date: /home/knakamura/AR_ws/install/coord_trans_msg/share/ament_index/resource_index/packages/coord_trans_msg
[2.538s] -- Up-to-date: /home/knakamura/AR_ws/install/coord_trans_msg/share/coord_trans_msg/cmake/coord_trans_msg__rosidl_generator_cExport.cmake
[2.538s] -- Installing: /home/knakamura/AR_ws/install/coord_trans_msg/share/coord_trans_msg/cmake/coord_trans_msg__rosidl_generator_cExport-noconfig.cmake
[2.538s] -- Up-to-date: /home/knakamura/AR_ws/install/coord_trans_msg/share/coord_trans_msg/cmake/coord_trans_msg__rosidl_typesupport_introspection_cExport.cmake
[2.538s] -- Installing: /home/knakamura/AR_ws/install/coord_trans_msg/share/coord_trans_msg/cmake/coord_trans_msg__rosidl_typesupport_introspection_cExport-noconfig.cmake
[2.539s] -- Up-to-date: /home/knakamura/AR_ws/install/coord_trans_msg/share/coord_trans_msg/cmake/coord_trans_msg__rosidl_typesupport_cExport.cmake
[2.539s] -- Installing: /home/knakamura/AR_ws/install/coord_trans_msg/share/coord_trans_msg/cmake/coord_trans_msg__rosidl_typesupport_cExport-noconfig.cmake
[2.539s] -- Up-to-date: /home/knakamura/AR_ws/install/coord_trans_msg/share/coord_trans_msg/cmake/coord_trans_msg__rosidl_generator_cppExport.cmake
[2.539s] -- Up-to-date: /home/knakamura/AR_ws/install/coord_trans_msg/share/coord_trans_msg/cmake/coord_trans_msg__rosidl_typesupport_introspection_cppExport.cmake
[2.539s] -- Installing: /home/knakamura/AR_ws/install/coord_trans_msg/share/coord_trans_msg/cmake/coord_trans_msg__rosidl_typesupport_introspection_cppExport-noconfig.cmake
[2.539s] -- Up-to-date: /home/knakamura/AR_ws/install/coord_trans_msg/share/coord_trans_msg/cmake/coord_trans_msg__rosidl_typesupport_cppExport.cmake
[2.539s] -- Installing: /home/knakamura/AR_ws/install/coord_trans_msg/share/coord_trans_msg/cmake/coord_trans_msg__rosidl_typesupport_cppExport-noconfig.cmake
[2.539s] -- Up-to-date: /home/knakamura/AR_ws/install/coord_trans_msg/share/coord_trans_msg/cmake/rosidl_cmake-extras.cmake
[2.540s] -- Up-to-date: /home/knakamura/AR_ws/install/coord_trans_msg/share/coord_trans_msg/cmake/ament_cmake_export_dependencies-extras.cmake
[2.540s] -- Up-to-date: /home/knakamura/AR_ws/install/coord_trans_msg/share/coord_trans_msg/cmake/ament_cmake_export_libraries-extras.cmake
[2.540s] -- Up-to-date: /home/knakamura/AR_ws/install/coord_trans_msg/share/coord_trans_msg/cmake/ament_cmake_export_targets-extras.cmake
[2.540s] -- Up-to-date: /home/knakamura/AR_ws/install/coord_trans_msg/share/coord_trans_msg/cmake/ament_cmake_export_include_directories-extras.cmake
[2.540s] -- Up-to-date: /home/knakamura/AR_ws/install/coord_trans_msg/share/coord_trans_msg/cmake/rosidl_cmake_export_typesupport_libraries-extras.cmake
[2.540s] -- Up-to-date: /home/knakamura/AR_ws/install/coord_trans_msg/share/coord_trans_msg/cmake/rosidl_cmake_export_typesupport_targets-extras.cmake
[2.540s] -- Up-to-date: /home/knakamura/AR_ws/install/coord_trans_msg/share/coord_trans_msg/cmake/coord_trans_msgConfig.cmake
[2.540s] -- Up-to-date: /home/knakamura/AR_ws/install/coord_trans_msg/share/coord_trans_msg/cmake/coord_trans_msgConfig-version.cmake
[2.540s] -- Up-to-date: /home/knakamura/AR_ws/install/coord_trans_msg/share/coord_trans_msg/package.xml
[2.541s] Invoked command in '/home/knakamura/AR_ws/build/coord_trans_msg' returned '0': CMAKE_PREFIX_PATH=${CMAKE_PREFIX_PATH}:/home/knakamura/AR_ws/install/AR_detection:/home/knakamura/ros2_ws/install/shigure_core:/home/knakamura/ros2_ws/install/rs_ros2_python:/home/knakamura/ros2_ws/install/ros2_test_communicate:/home/knakamura/ros2_ws/install/record_camera:/home/knakamura/ros2_ws/install/openpose_ros2:/home/knakamura/ros2_ws/install/boxmot_tracking:/opt/ros/foxy /usr/bin/cmake --install /home/knakamura/AR_ws/build/coord_trans_msg
