[0.181s] Invoking command in '/home/knakamura/AR_ws/build/coord_trans_msg': CMAKE_PREFIX_PATH=${CMAKE_PREFIX_PATH}:/home/knakamura/AR_ws/install/AR_detection:/home/knakamura/ros2_ws/install/shigure_core:/home/knakamura/ros2_ws/install/rs_ros2_python:/home/knakamura/ros2_ws/install/ros2_test_communicate:/home/knakamura/ros2_ws/install/record_camera:/home/knakamura/ros2_ws/install/openpose_ros2:/home/knakamura/ros2_ws/install/boxmot_tracking:/opt/ros/foxy /usr/bin/cmake /home/knakamura/AR_ws/src/coord_trans_msg -DCMAKE_INSTALL_PREFIX=/home/knakamura/AR_ws/install/coord_trans_msg
[0.191s] -- Found ament_cmake: 0.9.12 (/opt/ros/foxy/share/ament_cmake/cmake)
[0.209s] -- Found PythonInterp: /usr/bin/python3 (found suitable version "3.8.10", minimum required is "3") 
[0.209s] -- Using PYTHON_EXECUTABLE: /usr/bin/python3
[0.384s] -- Found rosidl_default_generators: 1.0.1 (/opt/ros/foxy/share/rosidl_default_generators/cmake)
[0.387s] -- Using all available rosidl_typesupport_c: rosidl_typesupport_fastrtps_c;rosidl_typesupport_introspection_c
[0.389s] -- Found rosidl_adapter: 1.3.1 (/opt/ros/foxy/share/rosidl_adapter/cmake)
[0.487s] -- Using all available rosidl_typesupport_cpp: rosidl_typesupport_fastrtps_cpp;rosidl_typesupport_introspection_cpp
[0.523s] -- Found PythonInterp: /usr/bin/python3 (found version "3.8.10") 
[0.616s] -- Found ament_cmake_ros: 0.9.2 (/opt/ros/foxy/share/ament_cmake_ros/cmake)
[0.685s] -- Using all available rosidl_typesupport_c: rosidl_typesupport_fastrtps_c;rosidl_typesupport_introspection_c
[0.690s] -- Using all available rosidl_typesupport_cpp: rosidl_typesupport_fastrtps_cpp;rosidl_typesupport_introspection_cpp
[0.710s] -- Found PythonInterp: /usr/bin/python3 (found suitable version "3.8.10", minimum required is "3.5") 
[0.711s] -- Found python_cmake_module: 0.8.1 (/opt/ros/foxy/share/python_cmake_module/cmake)
[0.734s] -- Found PythonLibs: /usr/lib/x86_64-linux-gnu/libpython3.8.so (found suitable version "3.8.10", minimum required is "3.5") 
[0.734s] -- Using PYTHON_EXECUTABLE: /usr/bin/python3
[0.734s] -- Using PYTHON_INCLUDE_DIRS: /usr/include/python3.8
[0.734s] -- Using PYTHON_LIBRARIES: /usr/lib/x86_64-linux-gnu/libpython3.8.so
[0.753s] -- Found PythonExtra: .so  
[0.862s] -- Found ament_lint_auto: 0.9.8 (/opt/ros/foxy/share/ament_lint_auto/cmake)
[0.879s] -- Added test 'copyright' to check source files copyright and LICENSE
[0.880s] -- Added test 'lint_cmake' to check CMake code style
[0.881s] -- Added test 'xmllint' to check XML markup files
[0.884s] -- Configuring done
[0.903s] -- Generating done
[0.905s] -- Build files have been written to: /home/knakamura/AR_ws/build/coord_trans_msg
[0.911s] Invoked command in '/home/knakamura/AR_ws/build/coord_trans_msg' returned '0': CMAKE_PREFIX_PATH=${CMAKE_PREFIX_PATH}:/home/knakamura/AR_ws/install/AR_detection:/home/knakamura/ros2_ws/install/shigure_core:/home/knakamura/ros2_ws/install/rs_ros2_python:/home/knakamura/ros2_ws/install/ros2_test_communicate:/home/knakamura/ros2_ws/install/record_camera:/home/knakamura/ros2_ws/install/openpose_ros2:/home/knakamura/ros2_ws/install/boxmot_tracking:/opt/ros/foxy /usr/bin/cmake /home/knakamura/AR_ws/src/coord_trans_msg -DCMAKE_INSTALL_PREFIX=/home/knakamura/AR_ws/install/coord_trans_msg
[0.911s] Invoking command in '/home/knakamura/AR_ws/build/coord_trans_msg': CMAKE_PREFIX_PATH=${CMAKE_PREFIX_PATH}:/home/knakamura/AR_ws/install/AR_detection:/home/knakamura/ros2_ws/install/shigure_core:/home/knakamura/ros2_ws/install/rs_ros2_python:/home/knakamura/ros2_ws/install/ros2_test_communicate:/home/knakamura/ros2_ws/install/record_camera:/home/knakamura/ros2_ws/install/openpose_ros2:/home/knakamura/ros2_ws/install/boxmot_tracking:/opt/ros/foxy /usr/bin/cmake --build /home/knakamura/AR_ws/build/coord_trans_msg -- -j16 -l16
[0.939s] [35m[1mScanning dependencies of target coord_trans_msg__cpp[0m
[0.939s] [  3%] [34m[1mGenerating C code for ROS interfaces[0m
[0.946s] [  6%] [34m[1mGenerating C++ code for ROS interfaces[0m
[1.111s] [  6%] Built target coord_trans_msg__cpp
[1.111s] [35m[1mScanning dependencies of target coord_trans_msg__rosidl_generator_c[0m
[1.118s] [ 16%] [34m[1mGenerating C++ introspection for ROS interfaces[0m
[1.118s] [ 16%] [34m[1mGenerating C++ type support for eProsima Fast-RTPS[0m
[1.118s] [ 16%] [34m[1mGenerating C++ type support dispatch for ROS interfaces[0m
[1.119s] [ 19%] [32mBuilding C object CMakeFiles/coord_trans_msg__rosidl_generator_c.dir/rosidl_generator_c/coord_trans_msg/msg/detail/coordtrans__functions.c.o[0m
[1.153s] [ 22%] [32m[1mLinking C shared library libcoord_trans_msg__rosidl_generator_c.so[0m
[1.177s] [ 22%] Built target coord_trans_msg__rosidl_generator_c
[1.184s] [ 29%] [34m[1mGenerating C introspection for ROS interfaces[0m
[1.184s] [ 29%] [34m[1mGenerating C type support dispatch for ROS interfaces[0m
[1.264s] [35m[1mScanning dependencies of target coord_trans_msg__rosidl_typesupport_cpp[0m
[1.273s] [ 32%] [32mBuilding CXX object CMakeFiles/coord_trans_msg__rosidl_typesupport_cpp.dir/rosidl_typesupport_cpp/coord_trans_msg/msg/coordtrans__type_support.cpp.o[0m
[1.275s] [35m[1mScanning dependencies of target coord_trans_msg__rosidl_typesupport_introspection_cpp[0m
[1.279s] [35m[1mScanning dependencies of target coord_trans_msg__rosidl_typesupport_fastrtps_cpp[0m
[1.283s] [ 35%] [32mBuilding CXX object CMakeFiles/coord_trans_msg__rosidl_typesupport_introspection_cpp.dir/rosidl_typesupport_introspection_cpp/coord_trans_msg/msg/detail/coordtrans__type_support.cpp.o[0m
[1.289s] [ 38%] [32mBuilding CXX object CMakeFiles/coord_trans_msg__rosidl_typesupport_fastrtps_cpp.dir/rosidl_typesupport_fastrtps_cpp/coord_trans_msg/msg/detail/dds_fastrtps/coordtrans__type_support.cpp.o[0m
[1.328s] [35m[1mScanning dependencies of target coord_trans_msg__rosidl_typesupport_c[0m
[1.336s] [ 41%] [32mBuilding CXX object CMakeFiles/coord_trans_msg__rosidl_typesupport_c.dir/rosidl_typesupport_c/coord_trans_msg/msg/coordtrans__type_support.cpp.o[0m
[1.343s] [35m[1mScanning dependencies of target coord_trans_msg__rosidl_typesupport_introspection_c[0m
[1.351s] [ 45%] [32mBuilding C object CMakeFiles/coord_trans_msg__rosidl_typesupport_introspection_c.dir/rosidl_typesupport_introspection_c/coord_trans_msg/msg/detail/coordtrans__type_support.c.o[0m
[1.357s] [ 48%] [32m[1mLinking CXX shared library libcoord_trans_msg__rosidl_typesupport_c.so[0m
[1.374s] [ 51%] [32m[1mLinking C shared library libcoord_trans_msg__rosidl_typesupport_introspection_c.so[0m
[1.384s] [ 51%] Built target coord_trans_msg__rosidl_typesupport_c
[1.394s] [ 51%] Built target coord_trans_msg__rosidl_typesupport_introspection_c
[1.472s] [ 54%] [32m[1mLinking CXX shared library libcoord_trans_msg__rosidl_typesupport_cpp.so[0m
[1.498s] [ 54%] Built target coord_trans_msg__rosidl_typesupport_cpp
[1.522s] [ 58%] [32m[1mLinking CXX shared library libcoord_trans_msg__rosidl_typesupport_introspection_cpp.so[0m
[1.566s] [ 58%] Built target coord_trans_msg__rosidl_typesupport_introspection_cpp
[1.599s] [ 61%] [32m[1mLinking CXX shared library libcoord_trans_msg__rosidl_typesupport_fastrtps_cpp.so[0m
[1.650s] [ 61%] Built target coord_trans_msg__rosidl_typesupport_fastrtps_cpp
[1.656s] [ 64%] [34m[1mGenerating C type support for eProsima Fast-RTPS[0m
[1.815s] [35m[1mScanning dependencies of target coord_trans_msg__rosidl_typesupport_fastrtps_c[0m
[1.825s] [ 67%] [32mBuilding CXX object CMakeFiles/coord_trans_msg__rosidl_typesupport_fastrtps_c.dir/rosidl_typesupport_fastrtps_c/coord_trans_msg/msg/detail/coordtrans__type_support_c.cpp.o[0m
[2.057s] [ 70%] [32m[1mLinking CXX shared library libcoord_trans_msg__rosidl_typesupport_fastrtps_c.so[0m
[2.108s] [ 70%] Built target coord_trans_msg__rosidl_typesupport_fastrtps_c
[2.114s] [35m[1mScanning dependencies of target coord_trans_msg[0m
[2.120s] [ 70%] Built target coord_trans_msg
[2.127s] [35m[1mScanning dependencies of target coord_trans_msg__py[0m
[2.134s] [ 74%] [34m[1mGenerating Python code for ROS interfaces[0m
[2.394s] [ 74%] Built target coord_trans_msg__py
[2.400s] [35m[1mScanning dependencies of target coord_trans_msg__python[0m
[2.412s] [ 77%] [32mBuilding C object CMakeFiles/coord_trans_msg__python.dir/rosidl_generator_py/coord_trans_msg/msg/_coordtrans_s.c.o[0m
[2.475s] [ 80%] [32m[1mLinking C shared library rosidl_generator_py/coord_trans_msg/libcoord_trans_msg__python.so[0m
[2.499s] [ 80%] Built target coord_trans_msg__python
[2.505s] [35m[1mScanning dependencies of target coord_trans_msg__rosidl_typesupport_introspection_c__pyext[0m
[2.505s] [35m[1mScanning dependencies of target coord_trans_msg__rosidl_typesupport_c__pyext[0m
[2.506s] [35m[1mScanning dependencies of target coord_trans_msg__rosidl_typesupport_fastrtps_c__pyext[0m
[2.517s] [ 90%] [32mBuilding C object CMakeFiles/coord_trans_msg__rosidl_typesupport_fastrtps_c__pyext.dir/rosidl_generator_py/coord_trans_msg/_coord_trans_msg_s.ep.rosidl_typesupport_fastrtps_c.c.o[0m
[2.517s] [ 90%] [32mBuilding C object CMakeFiles/coord_trans_msg__rosidl_typesupport_introspection_c__pyext.dir/rosidl_generator_py/coord_trans_msg/_coord_trans_msg_s.ep.rosidl_typesupport_introspection_c.c.o[0m
[2.517s] [ 90%] [32mBuilding C object CMakeFiles/coord_trans_msg__rosidl_typesupport_c__pyext.dir/rosidl_generator_py/coord_trans_msg/_coord_trans_msg_s.ep.rosidl_typesupport_c.c.o[0m
[2.570s] [ 96%] [32m[1mLinking C shared library rosidl_generator_py/coord_trans_msg/coord_trans_msg_s__rosidl_typesupport_introspection_c.cpython-38-x86_64-linux-gnu.so[0m
[2.570s] [ 96%] [32m[1mLinking C shared library rosidl_generator_py/coord_trans_msg/coord_trans_msg_s__rosidl_typesupport_c.cpython-38-x86_64-linux-gnu.so[0m
[2.570s] [100%] [32m[1mLinking CXX shared library rosidl_generator_py/coord_trans_msg/coord_trans_msg_s__rosidl_typesupport_fastrtps_c.cpython-38-x86_64-linux-gnu.so[0m
[2.593s] [100%] Built target coord_trans_msg__rosidl_typesupport_c__pyext
[2.593s] [100%] Built target coord_trans_msg__rosidl_typesupport_introspection_c__pyext
[2.611s] [100%] Built target coord_trans_msg__rosidl_typesupport_fastrtps_c__pyext
[2.619s] Invoked command in '/home/knakamura/AR_ws/build/coord_trans_msg' returned '0': CMAKE_PREFIX_PATH=${CMAKE_PREFIX_PATH}:/home/knakamura/AR_ws/install/AR_detection:/home/knakamura/ros2_ws/install/shigure_core:/home/knakamura/ros2_ws/install/rs_ros2_python:/home/knakamura/ros2_ws/install/ros2_test_communicate:/home/knakamura/ros2_ws/install/record_camera:/home/knakamura/ros2_ws/install/openpose_ros2:/home/knakamura/ros2_ws/install/boxmot_tracking:/opt/ros/foxy /usr/bin/cmake --build /home/knakamura/AR_ws/build/coord_trans_msg -- -j16 -l16
[2.658s] Invoking command in '/home/knakamura/AR_ws/build/coord_trans_msg': CMAKE_PREFIX_PATH=${CMAKE_PREFIX_PATH}:/home/knakamura/AR_ws/install/AR_detection:/home/knakamura/ros2_ws/install/shigure_core:/home/knakamura/ros2_ws/install/rs_ros2_python:/home/knakamura/ros2_ws/install/ros2_test_communicate:/home/knakamura/ros2_ws/install/record_camera:/home/knakamura/ros2_ws/install/openpose_ros2:/home/knakamura/ros2_ws/install/boxmot_tracking:/opt/ros/foxy /usr/bin/cmake --install /home/knakamura/AR_ws/build/coord_trans_msg
[2.663s] -- Install configuration: ""
[2.664s] -- Installing: /home/knakamura/AR_ws/install/coord_trans_msg/share/ament_index/resource_index/rosidl_interfaces/coord_trans_msg
[2.664s] -- Installing: /home/knakamura/AR_ws/install/coord_trans_msg/include/coord_trans_msg
[2.664s] -- Installing: /home/knakamura/AR_ws/install/coord_trans_msg/include/coord_trans_msg/msg
[2.664s] -- Installing: /home/knakamura/AR_ws/install/coord_trans_msg/include/coord_trans_msg/msg/coordtrans.h
[2.664s] -- Installing: /home/knakamura/AR_ws/install/coord_trans_msg/include/coord_trans_msg/msg/detail
[2.664s] -- Installing: /home/knakamura/AR_ws/install/coord_trans_msg/include/coord_trans_msg/msg/detail/coordtrans__struct.h
[2.664s] -- Installing: /home/knakamura/AR_ws/install/coord_trans_msg/include/coord_trans_msg/msg/detail/coordtrans__functions.h
[2.664s] -- Installing: /home/knakamura/AR_ws/install/coord_trans_msg/include/coord_trans_msg/msg/detail/coordtrans__type_support.h
[2.664s] -- Installing: /home/knakamura/AR_ws/install/coord_trans_msg/include/coord_trans_msg/msg/detail/coordtrans__functions.c
[2.664s] -- Installing: /home/knakamura/AR_ws/install/coord_trans_msg/include/coord_trans_msg/msg/rosidl_generator_c__visibility_control.h
[2.664s] -- Installing: /home/knakamura/AR_ws/install/coord_trans_msg/share/coord_trans_msg/environment/library_path.sh
[2.664s] -- Installing: /home/knakamura/AR_ws/install/coord_trans_msg/share/coord_trans_msg/environment/library_path.dsv
[2.664s] -- Installing: /home/knakamura/AR_ws/install/coord_trans_msg/lib/libcoord_trans_msg__rosidl_generator_c.so
[2.664s] -- Set runtime path of "/home/knakamura/AR_ws/install/coord_trans_msg/lib/libcoord_trans_msg__rosidl_generator_c.so" to ""
[2.665s] -- Up-to-date: /home/knakamura/AR_ws/install/coord_trans_msg/include/coord_trans_msg
[2.665s] -- Up-to-date: /home/knakamura/AR_ws/install/coord_trans_msg/include/coord_trans_msg/msg
[2.665s] -- Up-to-date: /home/knakamura/AR_ws/install/coord_trans_msg/include/coord_trans_msg/msg/detail
[2.665s] -- Installing: /home/knakamura/AR_ws/install/coord_trans_msg/include/coord_trans_msg/msg/detail/coordtrans__rosidl_typesupport_fastrtps_c.h
[2.665s] -- Installing: /home/knakamura/AR_ws/install/coord_trans_msg/include/coord_trans_msg/msg/rosidl_typesupport_fastrtps_c__visibility_control.h
[2.665s] -- Installing: /home/knakamura/AR_ws/install/coord_trans_msg/lib/libcoord_trans_msg__rosidl_typesupport_fastrtps_c.so
[2.665s] -- Set runtime path of "/home/knakamura/AR_ws/install/coord_trans_msg/lib/libcoord_trans_msg__rosidl_typesupport_fastrtps_c.so" to ""
[2.665s] -- Up-to-date: /home/knakamura/AR_ws/install/coord_trans_msg/include/coord_trans_msg
[2.665s] -- Up-to-date: /home/knakamura/AR_ws/install/coord_trans_msg/include/coord_trans_msg/msg
[2.665s] -- Up-to-date: /home/knakamura/AR_ws/install/coord_trans_msg/include/coord_trans_msg/msg/detail
[2.665s] -- Installing: /home/knakamura/AR_ws/install/coord_trans_msg/include/coord_trans_msg/msg/detail/dds_fastrtps
[2.665s] -- Installing: /home/knakamura/AR_ws/install/coord_trans_msg/include/coord_trans_msg/msg/detail/coordtrans__rosidl_typesupport_fastrtps_cpp.hpp
[2.665s] -- Installing: /home/knakamura/AR_ws/install/coord_trans_msg/include/coord_trans_msg/msg/rosidl_typesupport_fastrtps_cpp__visibility_control.h
[2.665s] -- Installing: /home/knakamura/AR_ws/install/coord_trans_msg/lib/libcoord_trans_msg__rosidl_typesupport_fastrtps_cpp.so
[2.665s] -- Set runtime path of "/home/knakamura/AR_ws/install/coord_trans_msg/lib/libcoord_trans_msg__rosidl_typesupport_fastrtps_cpp.so" to ""
[2.665s] -- Up-to-date: /home/knakamura/AR_ws/install/coord_trans_msg/include/coord_trans_msg
[2.666s] -- Up-to-date: /home/knakamura/AR_ws/install/coord_trans_msg/include/coord_trans_msg/msg
[2.666s] -- Installing: /home/knakamura/AR_ws/install/coord_trans_msg/include/coord_trans_msg/msg/rosidl_typesupport_introspection_c__visibility_control.h
[2.666s] -- Up-to-date: /home/knakamura/AR_ws/install/coord_trans_msg/include/coord_trans_msg/msg/detail
[2.666s] -- Installing: /home/knakamura/AR_ws/install/coord_trans_msg/include/coord_trans_msg/msg/detail/coordtrans__type_support.c
[2.666s] -- Installing: /home/knakamura/AR_ws/install/coord_trans_msg/include/coord_trans_msg/msg/detail/coordtrans__rosidl_typesupport_introspection_c.h
[2.666s] -- Installing: /home/knakamura/AR_ws/install/coord_trans_msg/lib/libcoord_trans_msg__rosidl_typesupport_introspection_c.so
[2.666s] -- Set runtime path of "/home/knakamura/AR_ws/install/coord_trans_msg/lib/libcoord_trans_msg__rosidl_typesupport_introspection_c.so" to ""
[2.666s] -- Installing: /home/knakamura/AR_ws/install/coord_trans_msg/lib/libcoord_trans_msg__rosidl_typesupport_c.so
[2.666s] -- Set runtime path of "/home/knakamura/AR_ws/install/coord_trans_msg/lib/libcoord_trans_msg__rosidl_typesupport_c.so" to ""
[2.666s] -- Up-to-date: /home/knakamura/AR_ws/install/coord_trans_msg/include/coord_trans_msg
[2.666s] -- Up-to-date: /home/knakamura/AR_ws/install/coord_trans_msg/include/coord_trans_msg/msg
[2.666s] -- Installing: /home/knakamura/AR_ws/install/coord_trans_msg/include/coord_trans_msg/msg/rosidl_generator_cpp__visibility_control.hpp
[2.666s] -- Up-to-date: /home/knakamura/AR_ws/install/coord_trans_msg/include/coord_trans_msg/msg/detail
[2.667s] -- Installing: /home/knakamura/AR_ws/install/coord_trans_msg/include/coord_trans_msg/msg/detail/coordtrans__struct.hpp
[2.667s] -- Installing: /home/knakamura/AR_ws/install/coord_trans_msg/include/coord_trans_msg/msg/detail/coordtrans__type_support.hpp
[2.667s] -- Installing: /home/knakamura/AR_ws/install/coord_trans_msg/include/coord_trans_msg/msg/detail/coordtrans__builder.hpp
[2.667s] -- Installing: /home/knakamura/AR_ws/install/coord_trans_msg/include/coord_trans_msg/msg/detail/coordtrans__traits.hpp
[2.667s] -- Installing: /home/knakamura/AR_ws/install/coord_trans_msg/include/coord_trans_msg/msg/coordtrans.hpp
[2.667s] -- Up-to-date: /home/knakamura/AR_ws/install/coord_trans_msg/include/coord_trans_msg
[2.667s] -- Up-to-date: /home/knakamura/AR_ws/install/coord_trans_msg/include/coord_trans_msg/msg
[2.667s] -- Up-to-date: /home/knakamura/AR_ws/install/coord_trans_msg/include/coord_trans_msg/msg/detail
[2.667s] -- Installing: /home/knakamura/AR_ws/install/coord_trans_msg/include/coord_trans_msg/msg/detail/coordtrans__type_support.cpp
[2.667s] -- Installing: /home/knakamura/AR_ws/install/coord_trans_msg/include/coord_trans_msg/msg/detail/coordtrans__rosidl_typesupport_introspection_cpp.hpp
[2.667s] -- Installing: /home/knakamura/AR_ws/install/coord_trans_msg/lib/libcoord_trans_msg__rosidl_typesupport_introspection_cpp.so
[2.667s] -- Set runtime path of "/home/knakamura/AR_ws/install/coord_trans_msg/lib/libcoord_trans_msg__rosidl_typesupport_introspection_cpp.so" to ""
[2.667s] -- Installing: /home/knakamura/AR_ws/install/coord_trans_msg/lib/libcoord_trans_msg__rosidl_typesupport_cpp.so
[2.667s] -- Set runtime path of "/home/knakamura/AR_ws/install/coord_trans_msg/lib/libcoord_trans_msg__rosidl_typesupport_cpp.so" to ""
[2.667s] -- Installing: /home/knakamura/AR_ws/install/coord_trans_msg/share/coord_trans_msg/environment/pythonpath.sh
[2.667s] -- Installing: /home/knakamura/AR_ws/install/coord_trans_msg/share/coord_trans_msg/environment/pythonpath.dsv
[2.668s] -- Installing: /home/knakamura/AR_ws/install/coord_trans_msg/lib/python3.8/site-packages/coord_trans_msg/__init__.py
[2.694s] Compiling '/home/knakamura/AR_ws/install/coord_trans_msg/lib/python3.8/site-packages/coord_trans_msg/__init__.py'...
[2.696s] -- Installing: /home/knakamura/AR_ws/install/coord_trans_msg/lib/python3.8/site-packages/coord_trans_msg/msg
[2.696s] -- Installing: /home/knakamura/AR_ws/install/coord_trans_msg/lib/python3.8/site-packages/coord_trans_msg/msg/__init__.py
[2.696s] -- Installing: /home/knakamura/AR_ws/install/coord_trans_msg/lib/python3.8/site-packages/coord_trans_msg/msg/_coordtrans_s.c
[2.696s] -- Installing: /home/knakamura/AR_ws/install/coord_trans_msg/lib/python3.8/site-packages/coord_trans_msg/msg/_coordtrans.py
[2.696s] -- Installing: /home/knakamura/AR_ws/install/coord_trans_msg/lib/python3.8/site-packages/coord_trans_msg/coord_trans_msg_s__rosidl_typesupport_fastrtps_c.cpython-38-x86_64-linux-gnu.so
[2.697s] -- Set runtime path of "/home/knakamura/AR_ws/install/coord_trans_msg/lib/python3.8/site-packages/coord_trans_msg/coord_trans_msg_s__rosidl_typesupport_fastrtps_c.cpython-38-x86_64-linux-gnu.so" to ""
[2.697s] -- Installing: /home/knakamura/AR_ws/install/coord_trans_msg/lib/python3.8/site-packages/coord_trans_msg/coord_trans_msg_s__rosidl_typesupport_introspection_c.cpython-38-x86_64-linux-gnu.so
[2.697s] -- Set runtime path of "/home/knakamura/AR_ws/install/coord_trans_msg/lib/python3.8/site-packages/coord_trans_msg/coord_trans_msg_s__rosidl_typesupport_introspection_c.cpython-38-x86_64-linux-gnu.so" to ""
[2.697s] -- Installing: /home/knakamura/AR_ws/install/coord_trans_msg/lib/python3.8/site-packages/coord_trans_msg/coord_trans_msg_s__rosidl_typesupport_c.cpython-38-x86_64-linux-gnu.so
[2.698s] -- Set runtime path of "/home/knakamura/AR_ws/install/coord_trans_msg/lib/python3.8/site-packages/coord_trans_msg/coord_trans_msg_s__rosidl_typesupport_c.cpython-38-x86_64-linux-gnu.so" to ""
[2.698s] -- Installing: /home/knakamura/AR_ws/install/coord_trans_msg/lib/libcoord_trans_msg__python.so
[2.698s] -- Set runtime path of "/home/knakamura/AR_ws/install/coord_trans_msg/lib/libcoord_trans_msg__python.so" to ""
[2.698s] -- Installing: /home/knakamura/AR_ws/install/coord_trans_msg/share/coord_trans_msg/msg/Coordtrans.idl
[2.698s] -- Installing: /home/knakamura/AR_ws/install/coord_trans_msg/share/coord_trans_msg/msg/Coordtrans.msg
[2.698s] -- Installing: /home/knakamura/AR_ws/install/coord_trans_msg/share/ament_index/resource_index/package_run_dependencies/coord_trans_msg
[2.698s] -- Installing: /home/knakamura/AR_ws/install/coord_trans_msg/share/ament_index/resource_index/parent_prefix_path/coord_trans_msg
[2.698s] -- Installing: /home/knakamura/AR_ws/install/coord_trans_msg/share/coord_trans_msg/environment/ament_prefix_path.sh
[2.698s] -- Installing: /home/knakamura/AR_ws/install/coord_trans_msg/share/coord_trans_msg/environment/ament_prefix_path.dsv
[2.698s] -- Installing: /home/knakamura/AR_ws/install/coord_trans_msg/share/coord_trans_msg/environment/path.sh
[2.698s] -- Installing: /home/knakamura/AR_ws/install/coord_trans_msg/share/coord_trans_msg/environment/path.dsv
[2.698s] -- Installing: /home/knakamura/AR_ws/install/coord_trans_msg/share/coord_trans_msg/local_setup.bash
[2.699s] -- Installing: /home/knakamura/AR_ws/install/coord_trans_msg/share/coord_trans_msg/local_setup.sh
[2.699s] -- Installing: /home/knakamura/AR_ws/install/coord_trans_msg/share/coord_trans_msg/local_setup.zsh
[2.699s] -- Installing: /home/knakamura/AR_ws/install/coord_trans_msg/share/coord_trans_msg/local_setup.dsv
[2.699s] -- Installing: /home/knakamura/AR_ws/install/coord_trans_msg/share/coord_trans_msg/package.dsv
[2.699s] -- Installing: /home/knakamura/AR_ws/install/coord_trans_msg/share/ament_index/resource_index/packages/coord_trans_msg
[2.699s] -- Installing: /home/knakamura/AR_ws/install/coord_trans_msg/share/coord_trans_msg/cmake/coord_trans_msg__rosidl_generator_cExport.cmake
[2.699s] -- Installing: /home/knakamura/AR_ws/install/coord_trans_msg/share/coord_trans_msg/cmake/coord_trans_msg__rosidl_generator_cExport-noconfig.cmake
[2.699s] -- Installing: /home/knakamura/AR_ws/install/coord_trans_msg/share/coord_trans_msg/cmake/coord_trans_msg__rosidl_typesupport_introspection_cExport.cmake
[2.699s] -- Installing: /home/knakamura/AR_ws/install/coord_trans_msg/share/coord_trans_msg/cmake/coord_trans_msg__rosidl_typesupport_introspection_cExport-noconfig.cmake
[2.699s] -- Installing: /home/knakamura/AR_ws/install/coord_trans_msg/share/coord_trans_msg/cmake/coord_trans_msg__rosidl_typesupport_cExport.cmake
[2.699s] -- Installing: /home/knakamura/AR_ws/install/coord_trans_msg/share/coord_trans_msg/cmake/coord_trans_msg__rosidl_typesupport_cExport-noconfig.cmake
[2.700s] -- Installing: /home/knakamura/AR_ws/install/coord_trans_msg/share/coord_trans_msg/cmake/coord_trans_msg__rosidl_generator_cppExport.cmake
[2.700s] -- Installing: /home/knakamura/AR_ws/install/coord_trans_msg/share/coord_trans_msg/cmake/coord_trans_msg__rosidl_typesupport_introspection_cppExport.cmake
[2.700s] -- Installing: /home/knakamura/AR_ws/install/coord_trans_msg/share/coord_trans_msg/cmake/coord_trans_msg__rosidl_typesupport_introspection_cppExport-noconfig.cmake
[2.700s] -- Installing: /home/knakamura/AR_ws/install/coord_trans_msg/share/coord_trans_msg/cmake/coord_trans_msg__rosidl_typesupport_cppExport.cmake
[2.700s] -- Installing: /home/knakamura/AR_ws/install/coord_trans_msg/share/coord_trans_msg/cmake/coord_trans_msg__rosidl_typesupport_cppExport-noconfig.cmake
[2.700s] -- Installing: /home/knakamura/AR_ws/install/coord_trans_msg/share/coord_trans_msg/cmake/rosidl_cmake-extras.cmake
[2.700s] -- Installing: /home/knakamura/AR_ws/install/coord_trans_msg/share/coord_trans_msg/cmake/ament_cmake_export_dependencies-extras.cmake
[2.700s] -- Installing: /home/knakamura/AR_ws/install/coord_trans_msg/share/coord_trans_msg/cmake/ament_cmake_export_libraries-extras.cmake
[2.700s] -- Installing: /home/knakamura/AR_ws/install/coord_trans_msg/share/coord_trans_msg/cmake/ament_cmake_export_targets-extras.cmake
[2.700s] -- Installing: /home/knakamura/AR_ws/install/coord_trans_msg/share/coord_trans_msg/cmake/ament_cmake_export_include_directories-extras.cmake
[2.700s] -- Installing: /home/knakamura/AR_ws/install/coord_trans_msg/share/coord_trans_msg/cmake/rosidl_cmake_export_typesupport_libraries-extras.cmake
[2.700s] -- Installing: /home/knakamura/AR_ws/install/coord_trans_msg/share/coord_trans_msg/cmake/rosidl_cmake_export_typesupport_targets-extras.cmake
[2.701s] -- Installing: /home/knakamura/AR_ws/install/coord_trans_msg/share/coord_trans_msg/cmake/coord_trans_msgConfig.cmake
[2.701s] -- Installing: /home/knakamura/AR_ws/install/coord_trans_msg/share/coord_trans_msg/cmake/coord_trans_msgConfig-version.cmake
[2.701s] -- Installing: /home/knakamura/AR_ws/install/coord_trans_msg/share/coord_trans_msg/package.xml
[2.702s] Invoked command in '/home/knakamura/AR_ws/build/coord_trans_msg' returned '0': CMAKE_PREFIX_PATH=${CMAKE_PREFIX_PATH}:/home/knakamura/AR_ws/install/AR_detection:/home/knakamura/ros2_ws/install/shigure_core:/home/knakamura/ros2_ws/install/rs_ros2_python:/home/knakamura/ros2_ws/install/ros2_test_communicate:/home/knakamura/ros2_ws/install/record_camera:/home/knakamura/ros2_ws/install/openpose_ros2:/home/knakamura/ros2_ws/install/boxmot_tracking:/opt/ros/foxy /usr/bin/cmake --install /home/knakamura/AR_ws/build/coord_trans_msg
