[0.187s] Invoking command in '/home/knakamura/AR_ws/build/coord_trans_msg': CMAKE_PREFIX_PATH=${CMAKE_PREFIX_PATH}:/home/knakamura/AR_ws/install/AR_detection:/home/knakamura/ros2_ws/install/shigure_core:/home/knakamura/ros2_ws/install/rs_ros2_python:/home/knakamura/ros2_ws/install/ros2_test_communicate:/home/knakamura/ros2_ws/install/record_camera:/home/knakamura/ros2_ws/install/openpose_ros2:/home/knakamura/ros2_ws/install/boxmot_tracking:/opt/ros/foxy /usr/bin/cmake /home/knakamura/AR_ws/src/coord_trans_msg -DCMAKE_INSTALL_PREFIX=/home/knakamura/AR_ws/install/coord_trans_msg
[0.199s] -- Found ament_cmake: 0.9.12 (/opt/ros/foxy/share/ament_cmake/cmake)
[0.217s] -- Found PythonInterp: /usr/bin/python3 (found suitable version "3.8.10", minimum required is "3") 
[0.217s] -- Using PYTHON_EXECUTABLE: /usr/bin/python3
[0.388s] -- Found rosidl_default_generators: 1.0.1 (/opt/ros/foxy/share/rosidl_default_generators/cmake)
[0.391s] -- Using all available rosidl_typesupport_c: rosidl_typesupport_fastrtps_c;rosidl_typesupport_introspection_c
[0.393s] -- Found rosidl_adapter: 1.3.1 (/opt/ros/foxy/share/rosidl_adapter/cmake)
[0.492s] -- Using all available rosidl_typesupport_cpp: rosidl_typesupport_fastrtps_cpp;rosidl_typesupport_introspection_cpp
[0.527s] -- Found PythonInterp: /usr/bin/python3 (found version "3.8.10") 
[0.637s] CMake Error at /opt/ros/foxy/share/rosidl_adapter/cmake/rosidl_adapt_interfaces.cmake:60 (message):
[0.638s]   execute_process(/usr/bin/python3 -m rosidl_adapter --package-name
[0.638s]   coord_trans_msg --arguments-file
[0.638s]   /home/knakamura/AR_ws/build/coord_trans_msg/rosidl_adapter__arguments__coord_trans_msg.json
[0.638s]   --output-dir
[0.638s]   /home/knakamura/AR_ws/build/coord_trans_msg/rosidl_adapter/coord_trans_msg
[0.638s]   --output-file
[0.638s]   /home/knakamura/AR_ws/build/coord_trans_msg/rosidl_adapter/coord_trans_msg.idls)
[0.638s]   returned error code 1:
[0.638s] 
[0.638s]   Traceback (most recent call last):
[0.638s] 
[0.638s]     File "/usr/lib/python3.8/runpy.py", line 194, in _run_module_as_main
[0.638s]       return _run_code(code, main_globals, None,
[0.638s]     File "/usr/lib/python3.8/runpy.py", line 87, in _run_code
[0.638s]       exec(code, run_globals)
[0.638s]     File "/opt/ros/foxy/lib/python3.8/site-packages/rosidl_adapter/__main__.py", line 19, in <module>
[0.639s]       sys.exit(main())
[0.639s]     File "/opt/ros/foxy/lib/python3.8/site-packages/rosidl_adapter/main.py", line 53, in main
[0.639s]       abs_idl_file = convert_to_idl(
[0.639s]     File "/opt/ros/foxy/lib/python3.8/site-packages/rosidl_adapter/__init__.py", line 19, in convert_to_idl
[0.639s]       return convert_msg_to_idl(
[0.639s]     File "/opt/ros/foxy/lib/python3.8/site-packages/rosidl_adapter/msg/__init__.py", line 28, in convert_msg_to_idl
[0.639s]       msg = parse_message_string(package_name, input_file.stem, content)
[0.639s]     File "/opt/ros/foxy/lib/python3.8/site-packages/rosidl_adapter/parser.py", line 540, in parse_message_string
[0.639s]       msg = MessageSpecification(pkg_name, msg_name, fields, constants)
[0.639s]     File "/opt/ros/foxy/lib/python3.8/site-packages/rosidl_adapter/parser.py", line 387, in __init__
[0.639s]       self.base_type = BaseType(
[0.639s]     File "/opt/ros/foxy/lib/python3.8/site-packages/rosidl_adapter/parser.py", line 204, in __init__
[0.639s]       raise InvalidResourceName(
[0.639s] 
[0.639s]   rosidl_adapter.parser.InvalidResourceName: 'coordtrans' is an invalid
[0.639s]   message name.  It should have the pattern '^[A-Z][A-Za-z0-9]*$'
[0.639s] 
[0.639s] Call Stack (most recent call first):
[0.639s]   /opt/ros/foxy/share/rosidl_cmake/cmake/rosidl_generate_interfaces.cmake:130 (rosidl_adapt_interfaces)
[0.639s]   CMakeLists.txt:29 (rosidl_generate_interfaces)
[0.639s] 
[0.639s] 
[0.639s] -- Configuring incomplete, errors occurred!
[0.640s] See also "/home/knakamura/AR_ws/build/coord_trans_msg/CMakeFiles/CMakeOutput.log".
[0.643s] Invoked command in '/home/knakamura/AR_ws/build/coord_trans_msg' returned '1': CMAKE_PREFIX_PATH=${CMAKE_PREFIX_PATH}:/home/knakamura/AR_ws/install/AR_detection:/home/knakamura/ros2_ws/install/shigure_core:/home/knakamura/ros2_ws/install/rs_ros2_python:/home/knakamura/ros2_ws/install/ros2_test_communicate:/home/knakamura/ros2_ws/install/record_camera:/home/knakamura/ros2_ws/install/openpose_ros2:/home/knakamura/ros2_ws/install/boxmot_tracking:/opt/ros/foxy /usr/bin/cmake /home/knakamura/AR_ws/src/coord_trans_msg -DCMAKE_INSTALL_PREFIX=/home/knakamura/AR_ws/install/coord_trans_msg
