/home/knakamura/.local/lib/python3.8/site-packages/setuptools/dist.py:476: SetuptoolsDeprecationWarning: Invalid dash-separated options
!!

        ********************************************************************************
        Usage of dash-separated 'script-dir' will not be supported in future
        versions. Please use the underscore name 'script_dir' instead.

        By 2024-Sep-26, you need to update your project and remove deprecated calls
        or your builds will no longer be supported.

        See https://setuptools.pypa.io/en/latest/userguide/declarative_config.html for details.
        ********************************************************************************

!!
  opt = self.warn_dash_deprecation(opt, section)
running egg_info
writing ../../build/AR_detection/AR_detection.egg-info/PKG-INFO
writing dependency_links to ../../build/AR_detection/AR_detection.egg-info/dependency_links.txt
writing entry points to ../../build/AR_detection/AR_detection.egg-info/entry_points.txt
writing requirements to ../../build/AR_detection/AR_detection.egg-info/requires.txt
writing top-level names to ../../build/AR_detection/AR_detection.egg-info/top_level.txt
reading manifest file '../../build/AR_detection/AR_detection.egg-info/SOURCES.txt'
writing manifest file '../../build/AR_detection/AR_detection.egg-info/SOURCES.txt'
running build
running build_py
copying AR_detection/__init__.py -> /home/knakamura/AR_ws/build/AR_detection/build/lib/AR_detection
copying AR_detection/camera_point_axis_average.py -> /home/knakamura/AR_ws/build/AR_detection/build/lib/AR_detection
running install
running install_lib
copying /home/knakamura/AR_ws/build/AR_detection/build/lib/AR_detection/__init__.py -> /home/knakamura/AR_ws/install/AR_detection/lib/python3.8/site-packages/AR_detection
copying /home/knakamura/AR_ws/build/AR_detection/build/lib/AR_detection/camera_point_axis_average.py -> /home/knakamura/AR_ws/install/AR_detection/lib/python3.8/site-packages/AR_detection
byte-compiling /home/knakamura/AR_ws/install/AR_detection/lib/python3.8/site-packages/AR_detection/__init__.py to __init__.cpython-38.pyc
byte-compiling /home/knakamura/AR_ws/install/AR_detection/lib/python3.8/site-packages/AR_detection/camera_point_axis_average.py to camera_point_axis_average.cpython-38.pyc
running install_data
copying resource/AR_detection -> /home/knakamura/AR_ws/install/AR_detection/share/ament_index/resource_index/packages
copying package.xml -> /home/knakamura/AR_ws/install/AR_detection/share/AR_detection
running install_egg_info
removing '/home/knakamura/AR_ws/install/AR_detection/lib/python3.8/site-packages/AR_detection-0.0.0-py3.8.egg-info' (and everything under it)
Copying ../../build/AR_detection/AR_detection.egg-info to /home/knakamura/AR_ws/install/AR_detection/lib/python3.8/site-packages/AR_detection-0.0.0-py3.8.egg-info
running install_scripts
Installing camera_point_axis_average script to /home/knakamura/AR_ws/install/AR_detection/lib/AR_detection
writing list of installed files to '/home/knakamura/AR_ws/build/AR_detection/install.log'
