[0.181s] Invoking command in '/home/knakamura/AR_ws/build/coord_trans_msg': CMAKE_PREFIX_PATH=${CMAKE_PREFIX_PATH}:/home/knakamura/AR_ws/install/AR_detection:/home/knakamura/ros2_ws/install/shigure_core:/home/knakamura/ros2_ws/install/rs_ros2_python:/home/knakamura/ros2_ws/install/ros2_test_communicate:/home/knakamura/ros2_ws/install/record_camera:/home/knakamura/ros2_ws/install/openpose_ros2:/home/knakamura/ros2_ws/install/boxmot_tracking:/opt/ros/foxy /usr/bin/cmake /home/knakamura/AR_ws/src/coord_trans_msg -DCMAKE_INSTALL_PREFIX=/home/knakamura/AR_ws/install/coord_trans_msg
[0.192s] -- Found ament_cmake: 0.9.12 (/opt/ros/foxy/share/ament_cmake/cmake)
[0.209s] -- Found PythonInterp: /usr/bin/python3 (found suitable version "3.8.10", minimum required is "3") 
[0.209s] -- Using PYTHON_EXECUTABLE: /usr/bin/python3
[0.382s] -- Found rosidl_default_generators: 1.0.1 (/opt/ros/foxy/share/rosidl_default_generators/cmake)
[0.385s] -- Using all available rosidl_typesupport_c: rosidl_typesupport_fastrtps_c;rosidl_typesupport_introspection_c
[0.387s] -- Found rosidl_adapter: 1.3.1 (/opt/ros/foxy/share/rosidl_adapter/cmake)
[0.484s] -- Using all available rosidl_typesupport_cpp: rosidl_typesupport_fastrtps_cpp;rosidl_typesupport_introspection_cpp
[0.518s] -- Found PythonInterp: /usr/bin/python3 (found version "3.8.10") 
[0.629s] CMake Error at /opt/ros/foxy/share/rosidl_adapter/cmake/rosidl_adapt_interfaces.cmake:60 (message):
[0.629s]   execute_process(/usr/bin/python3 -m rosidl_adapter --package-name
[0.629s]   coord_trans_msg --arguments-file
[0.629s]   /home/knakamura/AR_ws/build/coord_trans_msg/rosidl_adapter__arguments__coord_trans_msg.json
[0.629s]   --output-dir
[0.629s]   /home/knakamura/AR_ws/build/coord_trans_msg/rosidl_adapter/coord_trans_msg
[0.629s]   --output-file
[0.629s]   /home/knakamura/AR_ws/build/coord_trans_msg/rosidl_adapter/coord_trans_msg.idls)
[0.629s]   returned error code 1:
[0.629s] 
[0.629s]   Traceback (most recent call last):
[0.629s] 
[0.629s]     File "/usr/lib/python3.8/runpy.py", line 194, in _run_module_as_main
[0.630s]       return _run_code(code, main_globals, None,
[0.630s]     File "/usr/lib/python3.8/runpy.py", line 87, in _run_code
[0.630s]       exec(code, run_globals)
[0.630s]     File "/opt/ros/foxy/lib/python3.8/site-packages/rosidl_adapter/__main__.py", line 19, in <module>
[0.630s]       sys.exit(main())
[0.630s]     File "/opt/ros/foxy/lib/python3.8/site-packages/rosidl_adapter/main.py", line 53, in main
[0.630s]       abs_idl_file = convert_to_idl(
[0.630s]     File "/opt/ros/foxy/lib/python3.8/site-packages/rosidl_adapter/__init__.py", line 19, in convert_to_idl
[0.630s]       return convert_msg_to_idl(
[0.630s]     File "/opt/ros/foxy/lib/python3.8/site-packages/rosidl_adapter/msg/__init__.py", line 28, in convert_msg_to_idl
[0.630s]       msg = parse_message_string(package_name, input_file.stem, content)
[0.630s]     File "/opt/ros/foxy/lib/python3.8/site-packages/rosidl_adapter/parser.py", line 540, in parse_message_string
[0.630s]       msg = MessageSpecification(pkg_name, msg_name, fields, constants)
[0.630s]     File "/opt/ros/foxy/lib/python3.8/site-packages/rosidl_adapter/parser.py", line 402, in __init__
[0.630s]       raise ValueError(
[0.630s] 
[0.630s]   ValueError: the fields iterable contains duplicate names: translation_x
[0.630s] 
[0.630s] Call Stack (most recent call first):
[0.631s]   /opt/ros/foxy/share/rosidl_cmake/cmake/rosidl_generate_interfaces.cmake:130 (rosidl_adapt_interfaces)
[0.631s]   CMakeLists.txt:29 (rosidl_generate_interfaces)
[0.631s] 
[0.631s] 
[0.631s] -- Configuring incomplete, errors occurred!
[0.631s] See also "/home/knakamura/AR_ws/build/coord_trans_msg/CMakeFiles/CMakeOutput.log".
[0.634s] Invoked command in '/home/knakamura/AR_ws/build/coord_trans_msg' returned '1': CMAKE_PREFIX_PATH=${CMAKE_PREFIX_PATH}:/home/knakamura/AR_ws/install/AR_detection:/home/knakamura/ros2_ws/install/shigure_core:/home/knakamura/ros2_ws/install/rs_ros2_python:/home/knakamura/ros2_ws/install/ros2_test_communicate:/home/knakamura/ros2_ws/install/record_camera:/home/knakamura/ros2_ws/install/openpose_ros2:/home/knakamura/ros2_ws/install/boxmot_tracking:/opt/ros/foxy /usr/bin/cmake /home/knakamura/AR_ws/src/coord_trans_msg -DCMAKE_INSTALL_PREFIX=/home/knakamura/AR_ws/install/coord_trans_msg
