[0.183s] Invoking command in '/home/knakamura/AR_ws/build/coord_trans_msg': CMAKE_PREFIX_PATH=${CMAKE_PREFIX_PATH}:/home/knakamura/AR_ws/install/AR_detection:/home/knakamura/ros2_ws/install/shigure_core:/home/knakamura/ros2_ws/install/rs_ros2_python:/home/knakamura/ros2_ws/install/ros2_test_communicate:/home/knakamura/ros2_ws/install/record_camera:/home/knakamura/ros2_ws/install/openpose_ros2:/home/knakamura/ros2_ws/install/boxmot_tracking:/opt/ros/foxy /usr/bin/cmake /home/knakamura/AR_ws/src/coord_trans_msg -DCMAKE_INSTALL_PREFIX=/home/knakamura/AR_ws/install/coord_trans_msg
[0.220s] -- The C compiler identification is GNU 9.4.0
[0.256s] -- The CXX compiler identification is GNU 9.4.0
[0.259s] -- Check for working C compiler: /usr/bin/cc
[0.303s] -- Check for working C compiler: /usr/bin/cc -- works
[0.304s] -- Detecting C compiler ABI info
[0.348s] -- Detecting C compiler ABI info - done
[0.356s] -- Detecting C compile features
[0.356s] -- Detecting C compile features - done
[0.358s] -- Check for working CXX compiler: /usr/bin/c++
[0.409s] -- Check for working CXX compiler: /usr/bin/c++ -- works
[0.410s] -- Detecting CXX compiler ABI info
[0.461s] -- Detecting CXX compiler ABI info - done
[0.469s] -- Detecting CXX compile features
[0.470s] -- Detecting CXX compile features - done
[0.477s] -- Found ament_cmake: 0.9.12 (/opt/ros/foxy/share/ament_cmake/cmake)
[0.498s] -- Found PythonInterp: /usr/bin/python3 (found suitable version "3.8.10", minimum required is "3") 
[0.498s] -- Using PYTHON_EXECUTABLE: /usr/bin/python3
[0.696s] CMake Error at CMakeLists.txt:23 (find_package):
[0.696s]   By not providing "Findrosidl_defaults_generators.cmake" in
[0.696s]   CMAKE_MODULE_PATH this project has asked CMake to find a package
[0.697s]   configuration file provided by "rosidl_defaults_generators", but CMake did
[0.697s]   not find one.
[0.697s] 
[0.697s]   Could not find a package configuration file provided by
[0.697s]   "rosidl_defaults_generators" with any of the following names:
[0.697s] 
[0.697s]     rosidl_defaults_generatorsConfig.cmake
[0.697s]     rosidl_defaults_generators-config.cmake
[0.697s] 
[0.697s]   Add the installation prefix of "rosidl_defaults_generators" to
[0.697s]   CMAKE_PREFIX_PATH or set "rosidl_defaults_generators_DIR" to a directory
[0.697s]   containing one of the above files.  If "rosidl_defaults_generators"
[0.698s]   provides a separate development package or SDK, be sure it has been
[0.698s]   installed.
[0.698s] 
[0.698s] 
[0.698s] -- Configuring incomplete, errors occurred!
[0.698s] See also "/home/knakamura/AR_ws/build/coord_trans_msg/CMakeFiles/CMakeOutput.log".
[0.699s] Invoked command in '/home/knakamura/AR_ws/build/coord_trans_msg' returned '1': CMAKE_PREFIX_PATH=${CMAKE_PREFIX_PATH}:/home/knakamura/AR_ws/install/AR_detection:/home/knakamura/ros2_ws/install/shigure_core:/home/knakamura/ros2_ws/install/rs_ros2_python:/home/knakamura/ros2_ws/install/ros2_test_communicate:/home/knakamura/ros2_ws/install/record_camera:/home/knakamura/ros2_ws/install/openpose_ros2:/home/knakamura/ros2_ws/install/boxmot_tracking:/opt/ros/foxy /usr/bin/cmake /home/knakamura/AR_ws/src/coord_trans_msg -DCMAKE_INSTALL_PREFIX=/home/knakamura/AR_ws/install/coord_trans_msg
